Determining if the pthread_create exist failed with the following output:
Change Dir: /home/julius/TAU-Hand-Control/build/gripper_state_publisher/CMakeFiles/CMakeTmp

Run Build Command:"/usr/bin/make" "cmTC_17d44/fast"
/usr/bin/make -f CMakeFiles/cmTC_17d44.dir/build.make CMakeFiles/cmTC_17d44.dir/build
make[1]: Entering directory '/home/julius/TAU-Hand-Control/build/gripper_state_publisher/CMakeFiles/CMakeTmp'
Building C object CMakeFiles/cmTC_17d44.dir/CheckSymbolExists.c.o
/usr/bin/cc    -o CMakeFiles/cmTC_17d44.dir/CheckSymbolExists.c.o   -c /home/julius/TAU-Hand-Control/build/gripper_state_publisher/CMakeFiles/CMakeTmp/CheckSymbolExists.c
Linking C executable cmTC_17d44
/usr/bin/cmake -E cmake_link_script CMakeFiles/cmTC_17d44.dir/link.txt --verbose=1
/usr/bin/cc      -rdynamic CMakeFiles/cmTC_17d44.dir/CheckSymbolExists.c.o  -o cmTC_17d44 
CMakeFiles/cmTC_17d44.dir/CheckSymbolExists.c.o: In function `main':
CheckSymbolExists.c:(.text+0x1b): undefined reference to `pthread_create'
collect2: error: ld returned 1 exit status
CMakeFiles/cmTC_17d44.dir/build.make:97: recipe for target 'cmTC_17d44' failed
make[1]: *** [cmTC_17d44] Error 1
make[1]: Leaving directory '/home/julius/TAU-Hand-Control/build/gripper_state_publisher/CMakeFiles/CMakeTmp'
Makefile:126: recipe for target 'cmTC_17d44/fast' failed
make: *** [cmTC_17d44/fast] Error 2

File /home/julius/TAU-Hand-Control/build/gripper_state_publisher/CMakeFiles/CMakeTmp/CheckSymbolExists.c:
/* */
#include <pthread.h>

int main(int argc, char** argv)
{
  (void)argv;
#ifndef pthread_create
  return ((int*)(&pthread_create))[argc];
#else
  (void)argc;
  return 0;
#endif
}

Determining if the function pthread_create exists in the pthreads failed with the following output:
Change Dir: /home/julius/TAU-Hand-Control/build/gripper_state_publisher/CMakeFiles/CMakeTmp

Run Build Command:"/usr/bin/make" "cmTC_ea17f/fast"
/usr/bin/make -f CMakeFiles/cmTC_ea17f.dir/build.make CMakeFiles/cmTC_ea17f.dir/build
make[1]: Entering directory '/home/julius/TAU-Hand-Control/build/gripper_state_publisher/CMakeFiles/CMakeTmp'
Building C object CMakeFiles/cmTC_ea17f.dir/CheckFunctionExists.c.o
/usr/bin/cc   -DCHECK_FUNCTION_EXISTS=pthread_create   -o CMakeFiles/cmTC_ea17f.dir/CheckFunctionExists.c.o   -c /usr/share/cmake-3.10/Modules/CheckFunctionExists.c
Linking C executable cmTC_ea17f
/usr/bin/cmake -E cmake_link_script CMakeFiles/cmTC_ea17f.dir/link.txt --verbose=1
/usr/bin/cc  -DCHECK_FUNCTION_EXISTS=pthread_create    -rdynamic CMakeFiles/cmTC_ea17f.dir/CheckFunctionExists.c.o  -o cmTC_ea17f -lpthreads 
/usr/bin/ld: cannot find -lpthreads
collect2: error: ld returned 1 exit status
CMakeFiles/cmTC_ea17f.dir/build.make:97: recipe for target 'cmTC_ea17f' failed
make[1]: *** [cmTC_ea17f] Error 1
make[1]: Leaving directory '/home/julius/TAU-Hand-Control/build/gripper_state_publisher/CMakeFiles/CMakeTmp'
Makefile:126: recipe for target 'cmTC_ea17f/fast' failed
make: *** [cmTC_ea17f/fast] Error 2


