Determining if the pthread_create exist failed with the following output:
Change Dir: /home/curtisbot/catkin_ws/build/openhand_node/CMakeFiles/CMakeTmp

Run Build Command:"/usr/bin/make" "cmTC_c12dc/fast"
/usr/bin/make -f CMakeFiles/cmTC_c12dc.dir/build.make CMakeFiles/cmTC_c12dc.dir/build
make[1]: Entering directory '/home/curtisbot/catkin_ws/build/openhand_node/CMakeFiles/CMakeTmp'
Building C object CMakeFiles/cmTC_c12dc.dir/CheckSymbolExists.c.o
/usr/bin/cc    -o CMakeFiles/cmTC_c12dc.dir/CheckSymbolExists.c.o   -c /home/curtisbot/catkin_ws/build/openhand_node/CMakeFiles/CMakeTmp/CheckSymbolExists.c
Linking C executable cmTC_c12dc
/usr/bin/cmake -E cmake_link_script CMakeFiles/cmTC_c12dc.dir/link.txt --verbose=1
/usr/bin/cc      -rdynamic CMakeFiles/cmTC_c12dc.dir/CheckSymbolExists.c.o  -o cmTC_c12dc 
CMakeFiles/cmTC_c12dc.dir/CheckSymbolExists.c.o: In function `main':
CheckSymbolExists.c:(.text+0x1b): undefined reference to `pthread_create'
collect2: error: ld returned 1 exit status
CMakeFiles/cmTC_c12dc.dir/build.make:97: recipe for target 'cmTC_c12dc' failed
make[1]: *** [cmTC_c12dc] Error 1
make[1]: Leaving directory '/home/curtisbot/catkin_ws/build/openhand_node/CMakeFiles/CMakeTmp'
Makefile:126: recipe for target 'cmTC_c12dc/fast' failed
make: *** [cmTC_c12dc/fast] Error 2

File /home/curtisbot/catkin_ws/build/openhand_node/CMakeFiles/CMakeTmp/CheckSymbolExists.c:
/* */
#include <pthread.h>

int main(int argc, char** argv)
{
  (void)argv;
#ifndef pthread_create
  return ((int*)(&pthread_create))[argc];
#else
  (void)argc;
  return 0;
#endif
}

Determining if the function pthread_create exists in the pthreads failed with the following output:
Change Dir: /home/curtisbot/catkin_ws/build/openhand_node/CMakeFiles/CMakeTmp

Run Build Command:"/usr/bin/make" "cmTC_27931/fast"
/usr/bin/make -f CMakeFiles/cmTC_27931.dir/build.make CMakeFiles/cmTC_27931.dir/build
make[1]: Entering directory '/home/curtisbot/catkin_ws/build/openhand_node/CMakeFiles/CMakeTmp'
Building C object CMakeFiles/cmTC_27931.dir/CheckFunctionExists.c.o
/usr/bin/cc   -DCHECK_FUNCTION_EXISTS=pthread_create   -o CMakeFiles/cmTC_27931.dir/CheckFunctionExists.c.o   -c /usr/share/cmake-3.10/Modules/CheckFunctionExists.c
Linking C executable cmTC_27931
/usr/bin/cmake -E cmake_link_script CMakeFiles/cmTC_27931.dir/link.txt --verbose=1
/usr/bin/cc  -DCHECK_FUNCTION_EXISTS=pthread_create    -rdynamic CMakeFiles/cmTC_27931.dir/CheckFunctionExists.c.o  -o cmTC_27931 -lpthreads 
/usr/bin/ld: cannot find -lpthreads
collect2: error: ld returned 1 exit status
CMakeFiles/cmTC_27931.dir/build.make:97: recipe for target 'cmTC_27931' failed
make[1]: *** [cmTC_27931] Error 1
make[1]: Leaving directory '/home/curtisbot/catkin_ws/build/openhand_node/CMakeFiles/CMakeTmp'
Makefile:126: recipe for target 'cmTC_27931/fast' failed
make: *** [cmTC_27931/fast] Error 2


