[35m[1mScanning dependencies of target _hand_control_generate_messages_check_deps_TargetAngles[0m
[35m[1mScanning dependencies of target _hand_control_generate_messages_check_deps_observation[0m
[35m[1mScanning dependencies of target _hand_control_generate_messages_check_deps_plan_for_goal_request[0m
[35m[1mScanning dependencies of target std_msgs_generate_messages_nodejs[0m
[  0%] Built target _hand_control_generate_messages_check_deps_TargetAngles
[  0%] Built target std_msgs_generate_messages_nodejs
[  0%] Built target _hand_control_generate_messages_check_deps_observation
[35m[1mScanning dependencies of target _hand_control_generate_messages_check_deps_ObjOrientation[0m
[  0%] Built target _hand_control_generate_messages_check_deps_plan_for_goal_request
[35m[1mScanning dependencies of target _hand_control_generate_messages_check_deps_plan_for_goal_response[0m
[  0%] Built target _hand_control_generate_messages_check_deps_ObjOrientation
[35m[1mScanning dependencies of target _hand_control_generate_messages_check_deps_RegraspObject[0m
[35m[1mScanning dependencies of target _hand_control_generate_messages_check_deps_net_eval[0m
[  0%] Built target _hand_control_generate_messages_check_deps_plan_for_goal_response
[35m[1mScanning dependencies of target _hand_control_generate_messages_check_deps_planroll[0m
[35m[1mScanning dependencies of target _hand_control_generate_messages_check_deps_IsDropped[0m
[  0%] Built target _hand_control_generate_messages_check_deps_RegraspObject
[  0%] Built target _hand_control_generate_messages_check_deps_net_eval
[  0%] Built target _hand_control_generate_messages_check_deps_planroll
[  0%] Built target _hand_control_generate_messages_check_deps_IsDropped
[35m[1mScanning dependencies of target _hand_control_generate_messages_check_deps_close[0m
[35m[1mScanning dependencies of target _hand_control_generate_messages_check_deps_TargetPos[0m
[35m[1mScanning dependencies of target std_msgs_generate_messages_eus[0m
[  0%] Built target std_msgs_generate_messages_eus
[  0%] Built target _hand_control_generate_messages_check_deps_close
[35m[1mScanning dependencies of target std_msgs_generate_messages_lisp[0m
[  0%] Built target _hand_control_generate_messages_check_deps_TargetPos
[  0%] Built target std_msgs_generate_messages_lisp
[35m[1mScanning dependencies of target std_msgs_generate_messages_py[0m
[  0%] Built target std_msgs_generate_messages_py
[35m[1mScanning dependencies of target std_msgs_generate_messages_cpp[0m
[  0%] Built target std_msgs_generate_messages_cpp
[35m[1mScanning dependencies of target hand_control_generate_messages_nodejs[0m
[35m[1mScanning dependencies of target hand_control_generate_messages_eus[0m
[35m[1mScanning dependencies of target hand_control_generate_messages_lisp[0m
[  1%] [34m[1mGenerating Javascript code from hand_control/plan_for_goal_request.msg[0m
[  3%] [34m[1mGenerating Lisp code from hand_control/plan_for_goal_request.msg[0m
[  5%] [34m[1mGenerating EusLisp code from hand_control/plan_for_goal_request.msg[0m
[  6%] [34m[1mGenerating Lisp code from hand_control/plan_for_goal_response.msg[0m
[  8%] [34m[1mGenerating Lisp code from hand_control/ObjOrientation.srv[0m
[ 10%] [34m[1mGenerating Javascript code from hand_control/plan_for_goal_response.msg[0m
[ 12%] [34m[1mGenerating Lisp code from hand_control/observation.srv[0m
[ 13%] [34m[1mGenerating EusLisp code from hand_control/plan_for_goal_response.msg[0m
[ 15%] [34m[1mGenerating EusLisp code from hand_control/ObjOrientation.srv[0m
[ 17%] [34m[1mGenerating Lisp code from hand_control/net_eval.srv[0m
[ 18%] [34m[1mGenerating Javascript code from hand_control/observation.srv[0m
[ 20%] [34m[1mGenerating Lisp code from hand_control/planroll.srv[0m
[35m[1mScanning dependencies of target hand_control_generate_messages_py[0m
[ 22%] [34m[1mGenerating Javascript code from hand_control/ObjOrientation.srv[0m
[35m[1mScanning dependencies of target hand_control_generate_messages_cpp[0m
[ 24%] [34m[1mGenerating EusLisp code from hand_control/observation.srv[0m
[ 25%] [34m[1mGenerating Javascript code from hand_control/planroll.srv[0m
[ 27%] [34m[1mGenerating Javascript code from hand_control/net_eval.srv[0m
[ 29%] [34m[1mGenerating Python from MSG hand_control/plan_for_goal_request[0m
[ 31%] [34m[1mGenerating Javascript code from hand_control/RegraspObject.srv[0m
[ 32%] [34m[1mGenerating Javascript code from hand_control/IsDropped.srv[0m
[ 34%] [34m[1mGenerating Lisp code from hand_control/IsDropped.srv[0m
[ 36%] [34m[1mGenerating C++ code from hand_control/plan_for_goal_request.msg[0m
[ 39%] [34m[1mGenerating Javascript code from hand_control/close.srv[0m
[ 39%] [34m[1mGenerating Lisp code from hand_control/RegraspObject.srv[0m
[ 41%] [34m[1mGenerating C++ code from hand_control/plan_for_goal_response.msg[0m
[ 43%] [34m[1mGenerating C++ code from hand_control/ObjOrientation.srv[0m
[ 46%] [34m[1mGenerating C++ code from hand_control/observation.srv[0m
[ 46%] [34m[1mGenerating Python from MSG hand_control/plan_for_goal_response[0m
[ 48%] [34m[1mGenerating C++ code from hand_control/net_eval.srv[0m
[ 51%] [34m[1mGenerating Python code from SRV hand_control/ObjOrientation[0m
[ 51%] [34m[1mGenerating C++ code from hand_control/planroll.srv[0m
[ 53%] [34m[1mGenerating EusLisp code from hand_control/net_eval.srv[0m
[ 55%] [34m[1mGenerating Lisp code from hand_control/close.srv[0m
[ 56%] [34m[1mGenerating Javascript code from hand_control/TargetPos.srv[0m
[ 58%] [34m[1mGenerating Lisp code from hand_control/TargetPos.srv[0m
[ 60%] [34m[1mGenerating Lisp code from hand_control/TargetAngles.srv[0m
[ 62%] [34m[1mGenerating Javascript code from hand_control/TargetAngles.srv[0m
[ 63%] [34m[1mGenerating EusLisp code from hand_control/planroll.srv[0m
[ 65%] [34m[1mGenerating EusLisp code from hand_control/IsDropped.srv[0m
[ 67%] [34m[1mGenerating EusLisp code from hand_control/RegraspObject.srv[0m
[ 67%] Built target hand_control_generate_messages_lisp
[ 68%] [34m[1mGenerating EusLisp code from hand_control/close.srv[0m
[ 68%] Built target hand_control_generate_messages_nodejs
[ 70%] [34m[1mGenerating EusLisp code from hand_control/TargetPos.srv[0m
[ 72%] [34m[1mGenerating EusLisp code from hand_control/TargetAngles.srv[0m
[ 74%] [34m[1mGenerating EusLisp manifest code for hand_control[0m
[ 75%] [34m[1mGenerating C++ code from hand_control/IsDropped.srv[0m
[ 77%] [34m[1mGenerating Python code from SRV hand_control/observation[0m
[ 79%] [34m[1mGenerating Python code from SRV hand_control/planroll[0m
[ 81%] [34m[1mGenerating Python code from SRV hand_control/net_eval[0m
[ 82%] [34m[1mGenerating Python code from SRV hand_control/IsDropped[0m
[ 84%] [34m[1mGenerating Python code from SRV hand_control/RegraspObject[0m
[ 86%] [34m[1mGenerating Python code from SRV hand_control/close[0m
[ 87%] [34m[1mGenerating Python code from SRV hand_control/TargetPos[0m
[ 91%] [34m[1mGenerating C++ code from hand_control/RegraspObject.srv[0m
[ 91%] [34m[1mGenerating C++ code from hand_control/close.srv[0m
[ 93%] [34m[1mGenerating C++ code from hand_control/TargetPos.srv[0m
[ 94%] [34m[1mGenerating C++ code from hand_control/TargetAngles.srv[0m
[ 96%] [34m[1mGenerating Python code from SRV hand_control/TargetAngles[0m
[ 98%] [34m[1mGenerating Python msg __init__.py for hand_control[0m
[100%] [34m[1mGenerating Python srv __init__.py for hand_control[0m
[100%] Built target hand_control_generate_messages_cpp
[100%] Built target hand_control_generate_messages_eus
[100%] Built target hand_control_generate_messages_py
[35m[1mScanning dependencies of target hand_control_generate_messages[0m
[100%] Built target hand_control_generate_messages
