Symlinking /home/julius/TAU-Hand-Control/devel/lib/pkgconfig/hand_control.pc
Symlinking /home/julius/TAU-Hand-Control/devel/lib/python2.7/dist-packages/hand_control/__init__.py
Symlinking /home/julius/TAU-Hand-Control/devel/lib/python2.7/dist-packages/hand_control/srv/__init__.py
Symlinking /home/julius/TAU-Hand-Control/devel/lib/python2.7/dist-packages/hand_control/srv/_observation.py
Symlinking /home/julius/TAU-Hand-Control/devel/lib/python2.7/dist-packages/hand_control/srv/_ObjOrientation.py
Symlinking /home/julius/TAU-Hand-Control/devel/lib/python2.7/dist-packages/hand_control/srv/_close.py
Symlinking /home/julius/TAU-Hand-Control/devel/lib/python2.7/dist-packages/hand_control/srv/_TargetPos.py
Symlinking /home/julius/TAU-Hand-Control/devel/lib/python2.7/dist-packages/hand_control/srv/_planroll.py
Symlinking /home/julius/TAU-Hand-Control/devel/lib/python2.7/dist-packages/hand_control/srv/_net_eval.py
Symlinking /home/julius/TAU-Hand-Control/devel/lib/python2.7/dist-packages/hand_control/srv/_RegraspObject.py
Symlinking /home/julius/TAU-Hand-Control/devel/lib/python2.7/dist-packages/hand_control/srv/_TargetAngles.py
Symlinking /home/julius/TAU-Hand-Control/devel/lib/python2.7/dist-packages/hand_control/srv/_IsDropped.py
Symlinking /home/julius/TAU-Hand-Control/devel/lib/python2.7/dist-packages/hand_control/msg/__init__.py
Symlinking /home/julius/TAU-Hand-Control/devel/lib/python2.7/dist-packages/hand_control/msg/_plan_for_goal_response.py
Symlinking /home/julius/TAU-Hand-Control/devel/lib/python2.7/dist-packages/hand_control/msg/_plan_for_goal_request.py
Symlinking /home/julius/TAU-Hand-Control/devel/include/hand_control/TargetPos.h
Symlinking /home/julius/TAU-Hand-Control/devel/include/hand_control/IsDroppedResponse.h
Symlinking /home/julius/TAU-Hand-Control/devel/include/hand_control/plan_for_goal_response.h
Symlinking /home/julius/TAU-Hand-Control/devel/include/hand_control/TargetAnglesRequest.h
Symlinking /home/julius/TAU-Hand-Control/devel/include/hand_control/closeResponse.h
Symlinking /home/julius/TAU-Hand-Control/devel/include/hand_control/RegraspObjectRequest.h
Symlinking /home/julius/TAU-Hand-Control/devel/include/hand_control/net_eval.h
Symlinking /home/julius/TAU-Hand-Control/devel/include/hand_control/RegraspObjectResponse.h
Symlinking /home/julius/TAU-Hand-Control/devel/include/hand_control/TargetPosResponse.h
Symlinking /home/julius/TAU-Hand-Control/devel/include/hand_control/observation.h
Symlinking /home/julius/TAU-Hand-Control/devel/include/hand_control/planrollRequest.h
Symlinking /home/julius/TAU-Hand-Control/devel/include/hand_control/planrollResponse.h
Symlinking /home/julius/TAU-Hand-Control/devel/include/hand_control/observationResponse.h
Symlinking /home/julius/TAU-Hand-Control/devel/include/hand_control/RegraspObject.h
Symlinking /home/julius/TAU-Hand-Control/devel/include/hand_control/TargetAnglesResponse.h
Symlinking /home/julius/TAU-Hand-Control/devel/include/hand_control/observationRequest.h
Symlinking /home/julius/TAU-Hand-Control/devel/include/hand_control/planroll.h
Symlinking /home/julius/TAU-Hand-Control/devel/include/hand_control/plan_for_goal_request.h
Symlinking /home/julius/TAU-Hand-Control/devel/include/hand_control/closeRequest.h
Symlinking /home/julius/TAU-Hand-Control/devel/include/hand_control/ObjOrientationResponse.h
Symlinking /home/julius/TAU-Hand-Control/devel/include/hand_control/ObjOrientation.h
Symlinking /home/julius/TAU-Hand-Control/devel/include/hand_control/ObjOrientationRequest.h
Symlinking /home/julius/TAU-Hand-Control/devel/include/hand_control/IsDroppedRequest.h
Symlinking /home/julius/TAU-Hand-Control/devel/include/hand_control/net_evalRequest.h
Symlinking /home/julius/TAU-Hand-Control/devel/include/hand_control/net_evalResponse.h
Symlinking /home/julius/TAU-Hand-Control/devel/include/hand_control/TargetAngles.h
Symlinking /home/julius/TAU-Hand-Control/devel/include/hand_control/IsDropped.h
Symlinking /home/julius/TAU-Hand-Control/devel/include/hand_control/close.h
Symlinking /home/julius/TAU-Hand-Control/devel/include/hand_control/TargetPosRequest.h
Symlinking /home/julius/TAU-Hand-Control/devel/share/common-lisp/ros/hand_control/srv/_package_IsDropped.lisp
Symlinking /home/julius/TAU-Hand-Control/devel/share/common-lisp/ros/hand_control/srv/observation.lisp
Symlinking /home/julius/TAU-Hand-Control/devel/share/common-lisp/ros/hand_control/srv/_package_planroll.lisp
Symlinking /home/julius/TAU-Hand-Control/devel/share/common-lisp/ros/hand_control/srv/_package_TargetPos.lisp
Symlinking /home/julius/TAU-Hand-Control/devel/share/common-lisp/ros/hand_control/srv/RegraspObject.lisp
Symlinking /home/julius/TAU-Hand-Control/devel/share/common-lisp/ros/hand_control/srv/_package_TargetAngles.lisp
Symlinking /home/julius/TAU-Hand-Control/devel/share/common-lisp/ros/hand_control/srv/_package_close.lisp
Symlinking /home/julius/TAU-Hand-Control/devel/share/common-lisp/ros/hand_control/srv/TargetPos.lisp
Symlinking /home/julius/TAU-Hand-Control/devel/share/common-lisp/ros/hand_control/srv/ObjOrientation.lisp
Symlinking /home/julius/TAU-Hand-Control/devel/share/common-lisp/ros/hand_control/srv/_package_ObjOrientation.lisp
Symlinking /home/julius/TAU-Hand-Control/devel/share/common-lisp/ros/hand_control/srv/hand_control-srv.asd
Symlinking /home/julius/TAU-Hand-Control/devel/share/common-lisp/ros/hand_control/srv/_package_observation.lisp
Symlinking /home/julius/TAU-Hand-Control/devel/share/common-lisp/ros/hand_control/srv/IsDropped.lisp
Symlinking /home/julius/TAU-Hand-Control/devel/share/common-lisp/ros/hand_control/srv/planroll.lisp
Symlinking /home/julius/TAU-Hand-Control/devel/share/common-lisp/ros/hand_control/srv/_package.lisp
Symlinking /home/julius/TAU-Hand-Control/devel/share/common-lisp/ros/hand_control/srv/close.lisp
Symlinking /home/julius/TAU-Hand-Control/devel/share/common-lisp/ros/hand_control/srv/_package_net_eval.lisp
Symlinking /home/julius/TAU-Hand-Control/devel/share/common-lisp/ros/hand_control/srv/_package_RegraspObject.lisp
Symlinking /home/julius/TAU-Hand-Control/devel/share/common-lisp/ros/hand_control/srv/TargetAngles.lisp
Symlinking /home/julius/TAU-Hand-Control/devel/share/common-lisp/ros/hand_control/srv/net_eval.lisp
Symlinking /home/julius/TAU-Hand-Control/devel/share/common-lisp/ros/hand_control/msg/_package_plan_for_goal_response.lisp
Symlinking /home/julius/TAU-Hand-Control/devel/share/common-lisp/ros/hand_control/msg/plan_for_goal_response.lisp
Symlinking /home/julius/TAU-Hand-Control/devel/share/common-lisp/ros/hand_control/msg/_package.lisp
Symlinking /home/julius/TAU-Hand-Control/devel/share/common-lisp/ros/hand_control/msg/_package_plan_for_goal_request.lisp
Symlinking /home/julius/TAU-Hand-Control/devel/share/common-lisp/ros/hand_control/msg/plan_for_goal_request.lisp
Symlinking /home/julius/TAU-Hand-Control/devel/share/common-lisp/ros/hand_control/msg/hand_control-msg.asd
Symlinking /home/julius/TAU-Hand-Control/devel/share/gennodejs/ros/hand_control/_index.js
Symlinking /home/julius/TAU-Hand-Control/devel/share/gennodejs/ros/hand_control/srv/planroll.js
Symlinking /home/julius/TAU-Hand-Control/devel/share/gennodejs/ros/hand_control/srv/_index.js
Symlinking /home/julius/TAU-Hand-Control/devel/share/gennodejs/ros/hand_control/srv/TargetPos.js
Symlinking /home/julius/TAU-Hand-Control/devel/share/gennodejs/ros/hand_control/srv/TargetAngles.js
Symlinking /home/julius/TAU-Hand-Control/devel/share/gennodejs/ros/hand_control/srv/observation.js
Symlinking /home/julius/TAU-Hand-Control/devel/share/gennodejs/ros/hand_control/srv/net_eval.js
Symlinking /home/julius/TAU-Hand-Control/devel/share/gennodejs/ros/hand_control/srv/ObjOrientation.js
Symlinking /home/julius/TAU-Hand-Control/devel/share/gennodejs/ros/hand_control/srv/RegraspObject.js
Symlinking /home/julius/TAU-Hand-Control/devel/share/gennodejs/ros/hand_control/srv/close.js
Symlinking /home/julius/TAU-Hand-Control/devel/share/gennodejs/ros/hand_control/srv/IsDropped.js
Symlinking /home/julius/TAU-Hand-Control/devel/share/gennodejs/ros/hand_control/msg/_index.js
Symlinking /home/julius/TAU-Hand-Control/devel/share/gennodejs/ros/hand_control/msg/plan_for_goal_response.js
Symlinking /home/julius/TAU-Hand-Control/devel/share/gennodejs/ros/hand_control/msg/plan_for_goal_request.js
Symlinking /home/julius/TAU-Hand-Control/devel/share/roseus/ros/hand_control/manifest.l
Symlinking /home/julius/TAU-Hand-Control/devel/share/roseus/ros/hand_control/srv/observation.l
Symlinking /home/julius/TAU-Hand-Control/devel/share/roseus/ros/hand_control/srv/TargetAngles.l
Symlinking /home/julius/TAU-Hand-Control/devel/share/roseus/ros/hand_control/srv/IsDropped.l
Symlinking /home/julius/TAU-Hand-Control/devel/share/roseus/ros/hand_control/srv/planroll.l
Symlinking /home/julius/TAU-Hand-Control/devel/share/roseus/ros/hand_control/srv/TargetPos.l
Symlinking /home/julius/TAU-Hand-Control/devel/share/roseus/ros/hand_control/srv/close.l
Symlinking /home/julius/TAU-Hand-Control/devel/share/roseus/ros/hand_control/srv/RegraspObject.l
Symlinking /home/julius/TAU-Hand-Control/devel/share/roseus/ros/hand_control/srv/net_eval.l
Symlinking /home/julius/TAU-Hand-Control/devel/share/roseus/ros/hand_control/srv/ObjOrientation.l
Symlinking /home/julius/TAU-Hand-Control/devel/share/roseus/ros/hand_control/msg/plan_for_goal_request.l
Symlinking /home/julius/TAU-Hand-Control/devel/share/roseus/ros/hand_control/msg/plan_for_goal_response.l
Symlinking /home/julius/TAU-Hand-Control/devel/share/hand_control/cmake/hand_controlConfig-version.cmake
Symlinking /home/julius/TAU-Hand-Control/devel/share/hand_control/cmake/hand_control-msg-extras.cmake
Symlinking /home/julius/TAU-Hand-Control/devel/share/hand_control/cmake/hand_control-msg-paths.cmake
Symlinking /home/julius/TAU-Hand-Control/devel/share/hand_control/cmake/hand_controlConfig.cmake
Cleaning: (/home/curtisbot/catkin_ws/devel/.private/hand_control/cmake.lock, /home/curtisbot/catkin_ws/devel/./cmake.lock)
Cleaning: (/home/curtisbot/catkin_ws/devel/.private/hand_control/include/hand_control/observationResponse.h, /home/curtisbot/catkin_ws/devel/include/hand_control/observationResponse.h)
Cleaning: (/home/curtisbot/catkin_ws/devel/.private/hand_control/include/hand_control/RegraspObjectResponse.h, /home/curtisbot/catkin_ws/devel/include/hand_control/RegraspObjectResponse.h)
Cleaning: (/home/curtisbot/catkin_ws/devel/.private/hand_control/include/hand_control/ObjOrientationRequest.h, /home/curtisbot/catkin_ws/devel/include/hand_control/ObjOrientationRequest.h)
Cleaning: (/home/curtisbot/catkin_ws/devel/.private/hand_control/include/hand_control/net_evalResponse.h, /home/curtisbot/catkin_ws/devel/include/hand_control/net_evalResponse.h)
Cleaning: (/home/curtisbot/catkin_ws/devel/.private/hand_control/include/hand_control/TargetPos.h, /home/curtisbot/catkin_ws/devel/include/hand_control/TargetPos.h)
Cleaning: (/home/curtisbot/catkin_ws/devel/.private/hand_control/include/hand_control/plan_for_goal_response.h, /home/curtisbot/catkin_ws/devel/include/hand_control/plan_for_goal_response.h)
Cleaning: (/home/curtisbot/catkin_ws/devel/.private/hand_control/include/hand_control/closeRequest.h, /home/curtisbot/catkin_ws/devel/include/hand_control/closeRequest.h)
Cleaning: (/home/curtisbot/catkin_ws/devel/.private/hand_control/include/hand_control/TargetAngles.h, /home/curtisbot/catkin_ws/devel/include/hand_control/TargetAngles.h)
Cleaning: (/home/curtisbot/catkin_ws/devel/.private/hand_control/include/hand_control/TargetPosResponse.h, /home/curtisbot/catkin_ws/devel/include/hand_control/TargetPosResponse.h)
Cleaning: (/home/curtisbot/catkin_ws/devel/.private/hand_control/include/hand_control/observation.h, /home/curtisbot/catkin_ws/devel/include/hand_control/observation.h)
Cleaning: (/home/curtisbot/catkin_ws/devel/.private/hand_control/include/hand_control/TargetAnglesRequest.h, /home/curtisbot/catkin_ws/devel/include/hand_control/TargetAnglesRequest.h)
Cleaning: (/home/curtisbot/catkin_ws/devel/.private/hand_control/include/hand_control/planrollRequest.h, /home/curtisbot/catkin_ws/devel/include/hand_control/planrollRequest.h)
Cleaning: (/home/curtisbot/catkin_ws/devel/.private/hand_control/include/hand_control/planrollResponse.h, /home/curtisbot/catkin_ws/devel/include/hand_control/planrollResponse.h)
Cleaning: (/home/curtisbot/catkin_ws/devel/.private/hand_control/include/hand_control/net_evalRequest.h, /home/curtisbot/catkin_ws/devel/include/hand_control/net_evalRequest.h)
Cleaning: (/home/curtisbot/catkin_ws/devel/.private/hand_control/include/hand_control/closeResponse.h, /home/curtisbot/catkin_ws/devel/include/hand_control/closeResponse.h)
Cleaning: (/home/curtisbot/catkin_ws/devel/.private/hand_control/include/hand_control/plan_for_goal_request.h, /home/curtisbot/catkin_ws/devel/include/hand_control/plan_for_goal_request.h)
Cleaning: (/home/curtisbot/catkin_ws/devel/.private/hand_control/include/hand_control/net_eval.h, /home/curtisbot/catkin_ws/devel/include/hand_control/net_eval.h)
Cleaning: (/home/curtisbot/catkin_ws/devel/.private/hand_control/include/hand_control/RegraspObjectRequest.h, /home/curtisbot/catkin_ws/devel/include/hand_control/RegraspObjectRequest.h)
Cleaning: (/home/curtisbot/catkin_ws/devel/.private/hand_control/include/hand_control/close.h, /home/curtisbot/catkin_ws/devel/include/hand_control/close.h)
Cleaning: (/home/curtisbot/catkin_ws/devel/.private/hand_control/include/hand_control/IsDropped.h, /home/curtisbot/catkin_ws/devel/include/hand_control/IsDropped.h)
Cleaning: (/home/curtisbot/catkin_ws/devel/.private/hand_control/include/hand_control/RegraspObject.h, /home/curtisbot/catkin_ws/devel/include/hand_control/RegraspObject.h)
Cleaning: (/home/curtisbot/catkin_ws/devel/.private/hand_control/include/hand_control/TargetPosRequest.h, /home/curtisbot/catkin_ws/devel/include/hand_control/TargetPosRequest.h)
Cleaning: (/home/curtisbot/catkin_ws/devel/.private/hand_control/include/hand_control/IsDroppedResponse.h, /home/curtisbot/catkin_ws/devel/include/hand_control/IsDroppedResponse.h)
Cleaning: (/home/curtisbot/catkin_ws/devel/.private/hand_control/include/hand_control/planroll.h, /home/curtisbot/catkin_ws/devel/include/hand_control/planroll.h)
Cleaning: (/home/curtisbot/catkin_ws/devel/.private/hand_control/include/hand_control/ObjOrientation.h, /home/curtisbot/catkin_ws/devel/include/hand_control/ObjOrientation.h)
Cleaning: (/home/curtisbot/catkin_ws/devel/.private/hand_control/include/hand_control/observationRequest.h, /home/curtisbot/catkin_ws/devel/include/hand_control/observationRequest.h)
Cleaning: (/home/curtisbot/catkin_ws/devel/.private/hand_control/include/hand_control/TargetAnglesResponse.h, /home/curtisbot/catkin_ws/devel/include/hand_control/TargetAnglesResponse.h)
Cleaning: (/home/curtisbot/catkin_ws/devel/.private/hand_control/include/hand_control/ObjOrientationResponse.h, /home/curtisbot/catkin_ws/devel/include/hand_control/ObjOrientationResponse.h)
Cleaning: (/home/curtisbot/catkin_ws/devel/.private/hand_control/include/hand_control/IsDroppedRequest.h, /home/curtisbot/catkin_ws/devel/include/hand_control/IsDroppedRequest.h)
Cleaning: (/home/curtisbot/catkin_ws/devel/.private/hand_control/share/hand_control/cmake/hand_control-msg-extras.cmake, /home/curtisbot/catkin_ws/devel/share/hand_control/cmake/hand_control-msg-extras.cmake)
Cleaning: (/home/curtisbot/catkin_ws/devel/.private/hand_control/share/hand_control/cmake/hand_controlConfig.cmake, /home/curtisbot/catkin_ws/devel/share/hand_control/cmake/hand_controlConfig.cmake)
Cleaning: (/home/curtisbot/catkin_ws/devel/.private/hand_control/share/hand_control/cmake/hand_controlConfig-version.cmake, /home/curtisbot/catkin_ws/devel/share/hand_control/cmake/hand_controlConfig-version.cmake)
Cleaning: (/home/curtisbot/catkin_ws/devel/.private/hand_control/share/hand_control/cmake/hand_control-msg-paths.cmake, /home/curtisbot/catkin_ws/devel/share/hand_control/cmake/hand_control-msg-paths.cmake)
Cleaning: (/home/curtisbot/catkin_ws/devel/.private/hand_control/share/common-lisp/ros/hand_control/msg/plan_for_goal_response.lisp, /home/curtisbot/catkin_ws/devel/share/common-lisp/ros/hand_control/msg/plan_for_goal_response.lisp)
Cleaning: (/home/curtisbot/catkin_ws/devel/.private/hand_control/share/common-lisp/ros/hand_control/msg/_package.lisp, /home/curtisbot/catkin_ws/devel/share/common-lisp/ros/hand_control/msg/_package.lisp)
Cleaning: (/home/curtisbot/catkin_ws/devel/.private/hand_control/share/common-lisp/ros/hand_control/msg/_package_plan_for_goal_request.lisp, /home/curtisbot/catkin_ws/devel/share/common-lisp/ros/hand_control/msg/_package_plan_for_goal_request.lisp)
Cleaning: (/home/curtisbot/catkin_ws/devel/.private/hand_control/share/common-lisp/ros/hand_control/msg/plan_for_goal_request.lisp, /home/curtisbot/catkin_ws/devel/share/common-lisp/ros/hand_control/msg/plan_for_goal_request.lisp)
Cleaning: (/home/curtisbot/catkin_ws/devel/.private/hand_control/share/common-lisp/ros/hand_control/msg/hand_control-msg.asd, /home/curtisbot/catkin_ws/devel/share/common-lisp/ros/hand_control/msg/hand_control-msg.asd)
Cleaning: (/home/curtisbot/catkin_ws/devel/.private/hand_control/share/common-lisp/ros/hand_control/msg/_package_plan_for_goal_response.lisp, /home/curtisbot/catkin_ws/devel/share/common-lisp/ros/hand_control/msg/_package_plan_for_goal_response.lisp)
Cleaning: (/home/curtisbot/catkin_ws/devel/.private/hand_control/share/common-lisp/ros/hand_control/srv/_package_IsDropped.lisp, /home/curtisbot/catkin_ws/devel/share/common-lisp/ros/hand_control/srv/_package_IsDropped.lisp)
Cleaning: (/home/curtisbot/catkin_ws/devel/.private/hand_control/share/common-lisp/ros/hand_control/srv/planroll.lisp, /home/curtisbot/catkin_ws/devel/share/common-lisp/ros/hand_control/srv/planroll.lisp)
Cleaning: (/home/curtisbot/catkin_ws/devel/.private/hand_control/share/common-lisp/ros/hand_control/srv/_package_observation.lisp, /home/curtisbot/catkin_ws/devel/share/common-lisp/ros/hand_control/srv/_package_observation.lisp)
Cleaning: (/home/curtisbot/catkin_ws/devel/.private/hand_control/share/common-lisp/ros/hand_control/srv/hand_control-srv.asd, /home/curtisbot/catkin_ws/devel/share/common-lisp/ros/hand_control/srv/hand_control-srv.asd)
Cleaning: (/home/curtisbot/catkin_ws/devel/.private/hand_control/share/common-lisp/ros/hand_control/srv/TargetAngles.lisp, /home/curtisbot/catkin_ws/devel/share/common-lisp/ros/hand_control/srv/TargetAngles.lisp)
Cleaning: (/home/curtisbot/catkin_ws/devel/.private/hand_control/share/common-lisp/ros/hand_control/srv/_package_TargetAngles.lisp, /home/curtisbot/catkin_ws/devel/share/common-lisp/ros/hand_control/srv/_package_TargetAngles.lisp)
Cleaning: (/home/curtisbot/catkin_ws/devel/.private/hand_control/share/common-lisp/ros/hand_control/srv/_package_TargetPos.lisp, /home/curtisbot/catkin_ws/devel/share/common-lisp/ros/hand_control/srv/_package_TargetPos.lisp)
Cleaning: (/home/curtisbot/catkin_ws/devel/.private/hand_control/share/common-lisp/ros/hand_control/srv/_package.lisp, /home/curtisbot/catkin_ws/devel/share/common-lisp/ros/hand_control/srv/_package.lisp)
Cleaning: (/home/curtisbot/catkin_ws/devel/.private/hand_control/share/common-lisp/ros/hand_control/srv/_package_net_eval.lisp, /home/curtisbot/catkin_ws/devel/share/common-lisp/ros/hand_control/srv/_package_net_eval.lisp)
Cleaning: (/home/curtisbot/catkin_ws/devel/.private/hand_control/share/common-lisp/ros/hand_control/srv/ObjOrientation.lisp, /home/curtisbot/catkin_ws/devel/share/common-lisp/ros/hand_control/srv/ObjOrientation.lisp)
Cleaning: (/home/curtisbot/catkin_ws/devel/.private/hand_control/share/common-lisp/ros/hand_control/srv/_package_RegraspObject.lisp, /home/curtisbot/catkin_ws/devel/share/common-lisp/ros/hand_control/srv/_package_RegraspObject.lisp)
Cleaning: (/home/curtisbot/catkin_ws/devel/.private/hand_control/share/common-lisp/ros/hand_control/srv/IsDropped.lisp, /home/curtisbot/catkin_ws/devel/share/common-lisp/ros/hand_control/srv/IsDropped.lisp)
Cleaning: (/home/curtisbot/catkin_ws/devel/.private/hand_control/share/common-lisp/ros/hand_control/srv/_package_close.lisp, /home/curtisbot/catkin_ws/devel/share/common-lisp/ros/hand_control/srv/_package_close.lisp)
Cleaning: (/home/curtisbot/catkin_ws/devel/.private/hand_control/share/common-lisp/ros/hand_control/srv/_package_ObjOrientation.lisp, /home/curtisbot/catkin_ws/devel/share/common-lisp/ros/hand_control/srv/_package_ObjOrientation.lisp)
Cleaning: (/home/curtisbot/catkin_ws/devel/.private/hand_control/share/common-lisp/ros/hand_control/srv/net_eval.lisp, /home/curtisbot/catkin_ws/devel/share/common-lisp/ros/hand_control/srv/net_eval.lisp)
Cleaning: (/home/curtisbot/catkin_ws/devel/.private/hand_control/share/common-lisp/ros/hand_control/srv/TargetPos.lisp, /home/curtisbot/catkin_ws/devel/share/common-lisp/ros/hand_control/srv/TargetPos.lisp)
Cleaning: (/home/curtisbot/catkin_ws/devel/.private/hand_control/share/common-lisp/ros/hand_control/srv/RegraspObject.lisp, /home/curtisbot/catkin_ws/devel/share/common-lisp/ros/hand_control/srv/RegraspObject.lisp)
Cleaning: (/home/curtisbot/catkin_ws/devel/.private/hand_control/share/common-lisp/ros/hand_control/srv/_package_planroll.lisp, /home/curtisbot/catkin_ws/devel/share/common-lisp/ros/hand_control/srv/_package_planroll.lisp)
Cleaning: (/home/curtisbot/catkin_ws/devel/.private/hand_control/share/common-lisp/ros/hand_control/srv/observation.lisp, /home/curtisbot/catkin_ws/devel/share/common-lisp/ros/hand_control/srv/observation.lisp)
Cleaning: (/home/curtisbot/catkin_ws/devel/.private/hand_control/share/common-lisp/ros/hand_control/srv/close.lisp, /home/curtisbot/catkin_ws/devel/share/common-lisp/ros/hand_control/srv/close.lisp)
Cleaning: (/home/curtisbot/catkin_ws/devel/.private/hand_control/share/gennodejs/ros/hand_control/_index.js, /home/curtisbot/catkin_ws/devel/share/gennodejs/ros/hand_control/_index.js)
Cleaning: (/home/curtisbot/catkin_ws/devel/.private/hand_control/share/gennodejs/ros/hand_control/msg/plan_for_goal_request.js, /home/curtisbot/catkin_ws/devel/share/gennodejs/ros/hand_control/msg/plan_for_goal_request.js)
Cleaning: (/home/curtisbot/catkin_ws/devel/.private/hand_control/share/gennodejs/ros/hand_control/msg/plan_for_goal_response.js, /home/curtisbot/catkin_ws/devel/share/gennodejs/ros/hand_control/msg/plan_for_goal_response.js)
Cleaning: (/home/curtisbot/catkin_ws/devel/.private/hand_control/share/gennodejs/ros/hand_control/msg/_index.js, /home/curtisbot/catkin_ws/devel/share/gennodejs/ros/hand_control/msg/_index.js)
Cleaning: (/home/curtisbot/catkin_ws/devel/.private/hand_control/share/gennodejs/ros/hand_control/srv/close.js, /home/curtisbot/catkin_ws/devel/share/gennodejs/ros/hand_control/srv/close.js)
Cleaning: (/home/curtisbot/catkin_ws/devel/.private/hand_control/share/gennodejs/ros/hand_control/srv/TargetAngles.js, /home/curtisbot/catkin_ws/devel/share/gennodejs/ros/hand_control/srv/TargetAngles.js)
Cleaning: (/home/curtisbot/catkin_ws/devel/.private/hand_control/share/gennodejs/ros/hand_control/srv/net_eval.js, /home/curtisbot/catkin_ws/devel/share/gennodejs/ros/hand_control/srv/net_eval.js)
Cleaning: (/home/curtisbot/catkin_ws/devel/.private/hand_control/share/gennodejs/ros/hand_control/srv/planroll.js, /home/curtisbot/catkin_ws/devel/share/gennodejs/ros/hand_control/srv/planroll.js)
Cleaning: (/home/curtisbot/catkin_ws/devel/.private/hand_control/share/gennodejs/ros/hand_control/srv/_index.js, /home/curtisbot/catkin_ws/devel/share/gennodejs/ros/hand_control/srv/_index.js)
Cleaning: (/home/curtisbot/catkin_ws/devel/.private/hand_control/share/gennodejs/ros/hand_control/srv/observation.js, /home/curtisbot/catkin_ws/devel/share/gennodejs/ros/hand_control/srv/observation.js)
Cleaning: (/home/curtisbot/catkin_ws/devel/.private/hand_control/share/gennodejs/ros/hand_control/srv/IsDropped.js, /home/curtisbot/catkin_ws/devel/share/gennodejs/ros/hand_control/srv/IsDropped.js)
Cleaning: (/home/curtisbot/catkin_ws/devel/.private/hand_control/share/gennodejs/ros/hand_control/srv/RegraspObject.js, /home/curtisbot/catkin_ws/devel/share/gennodejs/ros/hand_control/srv/RegraspObject.js)
Cleaning: (/home/curtisbot/catkin_ws/devel/.private/hand_control/share/gennodejs/ros/hand_control/srv/TargetPos.js, /home/curtisbot/catkin_ws/devel/share/gennodejs/ros/hand_control/srv/TargetPos.js)
Cleaning: (/home/curtisbot/catkin_ws/devel/.private/hand_control/share/gennodejs/ros/hand_control/srv/ObjOrientation.js, /home/curtisbot/catkin_ws/devel/share/gennodejs/ros/hand_control/srv/ObjOrientation.js)
Cleaning: (/home/curtisbot/catkin_ws/devel/.private/hand_control/share/roseus/ros/hand_control/manifest.l, /home/curtisbot/catkin_ws/devel/share/roseus/ros/hand_control/manifest.l)
Cleaning: (/home/curtisbot/catkin_ws/devel/.private/hand_control/share/roseus/ros/hand_control/msg/plan_for_goal_request.l, /home/curtisbot/catkin_ws/devel/share/roseus/ros/hand_control/msg/plan_for_goal_request.l)
Cleaning: (/home/curtisbot/catkin_ws/devel/.private/hand_control/share/roseus/ros/hand_control/msg/plan_for_goal_response.l, /home/curtisbot/catkin_ws/devel/share/roseus/ros/hand_control/msg/plan_for_goal_response.l)
Cleaning: (/home/curtisbot/catkin_ws/devel/.private/hand_control/share/roseus/ros/hand_control/srv/observation.l, /home/curtisbot/catkin_ws/devel/share/roseus/ros/hand_control/srv/observation.l)
Cleaning: (/home/curtisbot/catkin_ws/devel/.private/hand_control/share/roseus/ros/hand_control/srv/RegraspObject.l, /home/curtisbot/catkin_ws/devel/share/roseus/ros/hand_control/srv/RegraspObject.l)
Cleaning: (/home/curtisbot/catkin_ws/devel/.private/hand_control/share/roseus/ros/hand_control/srv/IsDropped.l, /home/curtisbot/catkin_ws/devel/share/roseus/ros/hand_control/srv/IsDropped.l)
Cleaning: (/home/curtisbot/catkin_ws/devel/.private/hand_control/share/roseus/ros/hand_control/srv/ObjOrientation.l, /home/curtisbot/catkin_ws/devel/share/roseus/ros/hand_control/srv/ObjOrientation.l)
Cleaning: (/home/curtisbot/catkin_ws/devel/.private/hand_control/share/roseus/ros/hand_control/srv/close.l, /home/curtisbot/catkin_ws/devel/share/roseus/ros/hand_control/srv/close.l)
Cleaning: (/home/curtisbot/catkin_ws/devel/.private/hand_control/share/roseus/ros/hand_control/srv/TargetAngles.l, /home/curtisbot/catkin_ws/devel/share/roseus/ros/hand_control/srv/TargetAngles.l)
Cleaning: (/home/curtisbot/catkin_ws/devel/.private/hand_control/share/roseus/ros/hand_control/srv/TargetPos.l, /home/curtisbot/catkin_ws/devel/share/roseus/ros/hand_control/srv/TargetPos.l)
Cleaning: (/home/curtisbot/catkin_ws/devel/.private/hand_control/share/roseus/ros/hand_control/srv/planroll.l, /home/curtisbot/catkin_ws/devel/share/roseus/ros/hand_control/srv/planroll.l)
Cleaning: (/home/curtisbot/catkin_ws/devel/.private/hand_control/share/roseus/ros/hand_control/srv/net_eval.l, /home/curtisbot/catkin_ws/devel/share/roseus/ros/hand_control/srv/net_eval.l)
Cleaning: (/home/curtisbot/catkin_ws/devel/.private/hand_control/lib/pkgconfig/hand_control.pc, /home/curtisbot/catkin_ws/devel/lib/pkgconfig/hand_control.pc)
Cleaning: (/home/curtisbot/catkin_ws/devel/.private/hand_control/lib/python2.7/dist-packages/hand_control/__init__.py, /home/curtisbot/catkin_ws/devel/lib/python2.7/dist-packages/hand_control/__init__.py)
Cleaning: (/home/curtisbot/catkin_ws/devel/.private/hand_control/lib/python2.7/dist-packages/hand_control/msg/_plan_for_goal_request.py, /home/curtisbot/catkin_ws/devel/lib/python2.7/dist-packages/hand_control/msg/_plan_for_goal_request.py)
Cleaning: (/home/curtisbot/catkin_ws/devel/.private/hand_control/lib/python2.7/dist-packages/hand_control/msg/__init__.py, /home/curtisbot/catkin_ws/devel/lib/python2.7/dist-packages/hand_control/msg/__init__.py)
Cleaning: (/home/curtisbot/catkin_ws/devel/.private/hand_control/lib/python2.7/dist-packages/hand_control/msg/_plan_for_goal_response.py, /home/curtisbot/catkin_ws/devel/lib/python2.7/dist-packages/hand_control/msg/_plan_for_goal_response.py)
Cleaning: (/home/curtisbot/catkin_ws/devel/.private/hand_control/lib/python2.7/dist-packages/hand_control/srv/_net_eval.py, /home/curtisbot/catkin_ws/devel/lib/python2.7/dist-packages/hand_control/srv/_net_eval.py)
Cleaning: (/home/curtisbot/catkin_ws/devel/.private/hand_control/lib/python2.7/dist-packages/hand_control/srv/_planroll.py, /home/curtisbot/catkin_ws/devel/lib/python2.7/dist-packages/hand_control/srv/_planroll.py)
Cleaning: (/home/curtisbot/catkin_ws/devel/.private/hand_control/lib/python2.7/dist-packages/hand_control/srv/_observation.py, /home/curtisbot/catkin_ws/devel/lib/python2.7/dist-packages/hand_control/srv/_observation.py)
Cleaning: (/home/curtisbot/catkin_ws/devel/.private/hand_control/lib/python2.7/dist-packages/hand_control/srv/__init__.py, /home/curtisbot/catkin_ws/devel/lib/python2.7/dist-packages/hand_control/srv/__init__.py)
Cleaning: (/home/curtisbot/catkin_ws/devel/.private/hand_control/lib/python2.7/dist-packages/hand_control/srv/_TargetPos.py, /home/curtisbot/catkin_ws/devel/lib/python2.7/dist-packages/hand_control/srv/_TargetPos.py)
Cleaning: (/home/curtisbot/catkin_ws/devel/.private/hand_control/lib/python2.7/dist-packages/hand_control/srv/_TargetAngles.py, /home/curtisbot/catkin_ws/devel/lib/python2.7/dist-packages/hand_control/srv/_TargetAngles.py)
Cleaning: (/home/curtisbot/catkin_ws/devel/.private/hand_control/lib/python2.7/dist-packages/hand_control/srv/_ObjOrientation.py, /home/curtisbot/catkin_ws/devel/lib/python2.7/dist-packages/hand_control/srv/_ObjOrientation.py)
Cleaning: (/home/curtisbot/catkin_ws/devel/.private/hand_control/lib/python2.7/dist-packages/hand_control/srv/_IsDropped.py, /home/curtisbot/catkin_ws/devel/lib/python2.7/dist-packages/hand_control/srv/_IsDropped.py)
Cleaning: (/home/curtisbot/catkin_ws/devel/.private/hand_control/lib/python2.7/dist-packages/hand_control/srv/_RegraspObject.py, /home/curtisbot/catkin_ws/devel/lib/python2.7/dist-packages/hand_control/srv/_RegraspObject.py)
Cleaning: (/home/curtisbot/catkin_ws/devel/.private/hand_control/lib/python2.7/dist-packages/hand_control/srv/_close.py, /home/curtisbot/catkin_ws/devel/lib/python2.7/dist-packages/hand_control/srv/_close.py)
Unlinking: /home/curtisbot/catkin_ws/devel/include/hand_control/observationResponse.h
Already unlinked: {}
Unlinking: /home/curtisbot/catkin_ws/devel/include/hand_control/RegraspObjectResponse.h
Already unlinked: {}
Unlinking: /home/curtisbot/catkin_ws/devel/include/hand_control/ObjOrientationRequest.h
Already unlinked: {}
Unlinking: /home/curtisbot/catkin_ws/devel/include/hand_control/net_evalResponse.h
Already unlinked: {}
Unlinking: /home/curtisbot/catkin_ws/devel/include/hand_control/TargetPos.h
Already unlinked: {}
Unlinking: /home/curtisbot/catkin_ws/devel/include/hand_control/plan_for_goal_response.h
Already unlinked: {}
Unlinking: /home/curtisbot/catkin_ws/devel/include/hand_control/closeRequest.h
Already unlinked: {}
Unlinking: /home/curtisbot/catkin_ws/devel/include/hand_control/TargetAngles.h
Already unlinked: {}
Unlinking: /home/curtisbot/catkin_ws/devel/include/hand_control/TargetPosResponse.h
Already unlinked: {}
Unlinking: /home/curtisbot/catkin_ws/devel/include/hand_control/observation.h
Already unlinked: {}
Unlinking: /home/curtisbot/catkin_ws/devel/include/hand_control/TargetAnglesRequest.h
Already unlinked: {}
Unlinking: /home/curtisbot/catkin_ws/devel/include/hand_control/planrollRequest.h
Already unlinked: {}
Unlinking: /home/curtisbot/catkin_ws/devel/include/hand_control/planrollResponse.h
Already unlinked: {}
Unlinking: /home/curtisbot/catkin_ws/devel/include/hand_control/net_evalRequest.h
Already unlinked: {}
Unlinking: /home/curtisbot/catkin_ws/devel/include/hand_control/closeResponse.h
Already unlinked: {}
Unlinking: /home/curtisbot/catkin_ws/devel/include/hand_control/plan_for_goal_request.h
Already unlinked: {}
Unlinking: /home/curtisbot/catkin_ws/devel/include/hand_control/net_eval.h
Already unlinked: {}
Unlinking: /home/curtisbot/catkin_ws/devel/include/hand_control/RegraspObjectRequest.h
Already unlinked: {}
Unlinking: /home/curtisbot/catkin_ws/devel/include/hand_control/close.h
Already unlinked: {}
Unlinking: /home/curtisbot/catkin_ws/devel/include/hand_control/IsDropped.h
Already unlinked: {}
Unlinking: /home/curtisbot/catkin_ws/devel/include/hand_control/RegraspObject.h
Already unlinked: {}
Unlinking: /home/curtisbot/catkin_ws/devel/include/hand_control/TargetPosRequest.h
Already unlinked: {}
Unlinking: /home/curtisbot/catkin_ws/devel/include/hand_control/IsDroppedResponse.h
Already unlinked: {}
Unlinking: /home/curtisbot/catkin_ws/devel/include/hand_control/planroll.h
Already unlinked: {}
Unlinking: /home/curtisbot/catkin_ws/devel/include/hand_control/ObjOrientation.h
Already unlinked: {}
Unlinking: /home/curtisbot/catkin_ws/devel/include/hand_control/observationRequest.h
Already unlinked: {}
Unlinking: /home/curtisbot/catkin_ws/devel/include/hand_control/TargetAnglesResponse.h
Already unlinked: {}
Unlinking: /home/curtisbot/catkin_ws/devel/include/hand_control/ObjOrientationResponse.h
Already unlinked: {}
Unlinking: /home/curtisbot/catkin_ws/devel/include/hand_control/IsDroppedRequest.h
Already unlinked: {}
Unlinking: /home/curtisbot/catkin_ws/devel/share/hand_control/cmake/hand_control-msg-extras.cmake
Already unlinked: {}
Unlinking: /home/curtisbot/catkin_ws/devel/share/hand_control/cmake/hand_controlConfig.cmake
Already unlinked: {}
Unlinking: /home/curtisbot/catkin_ws/devel/share/hand_control/cmake/hand_controlConfig-version.cmake
Already unlinked: {}
Unlinking: /home/curtisbot/catkin_ws/devel/share/hand_control/cmake/hand_control-msg-paths.cmake
Already unlinked: {}
Unlinking: /home/curtisbot/catkin_ws/devel/share/common-lisp/ros/hand_control/msg/plan_for_goal_response.lisp
Already unlinked: {}
Unlinking: /home/curtisbot/catkin_ws/devel/share/common-lisp/ros/hand_control/msg/_package.lisp
Already unlinked: {}
Unlinking: /home/curtisbot/catkin_ws/devel/share/common-lisp/ros/hand_control/msg/_package_plan_for_goal_request.lisp
Already unlinked: {}
Unlinking: /home/curtisbot/catkin_ws/devel/share/common-lisp/ros/hand_control/msg/plan_for_goal_request.lisp
Already unlinked: {}
Unlinking: /home/curtisbot/catkin_ws/devel/share/common-lisp/ros/hand_control/msg/hand_control-msg.asd
Already unlinked: {}
Unlinking: /home/curtisbot/catkin_ws/devel/share/common-lisp/ros/hand_control/msg/_package_plan_for_goal_response.lisp
Already unlinked: {}
Unlinking: /home/curtisbot/catkin_ws/devel/share/common-lisp/ros/hand_control/srv/_package_IsDropped.lisp
Already unlinked: {}
Unlinking: /home/curtisbot/catkin_ws/devel/share/common-lisp/ros/hand_control/srv/planroll.lisp
Already unlinked: {}
Unlinking: /home/curtisbot/catkin_ws/devel/share/common-lisp/ros/hand_control/srv/_package_observation.lisp
Already unlinked: {}
Unlinking: /home/curtisbot/catkin_ws/devel/share/common-lisp/ros/hand_control/srv/hand_control-srv.asd
Already unlinked: {}
Unlinking: /home/curtisbot/catkin_ws/devel/share/common-lisp/ros/hand_control/srv/TargetAngles.lisp
Already unlinked: {}
Unlinking: /home/curtisbot/catkin_ws/devel/share/common-lisp/ros/hand_control/srv/_package_TargetAngles.lisp
Already unlinked: {}
Unlinking: /home/curtisbot/catkin_ws/devel/share/common-lisp/ros/hand_control/srv/_package_TargetPos.lisp
Already unlinked: {}
Unlinking: /home/curtisbot/catkin_ws/devel/share/common-lisp/ros/hand_control/srv/_package.lisp
Already unlinked: {}
Unlinking: /home/curtisbot/catkin_ws/devel/share/common-lisp/ros/hand_control/srv/_package_net_eval.lisp
Already unlinked: {}
Unlinking: /home/curtisbot/catkin_ws/devel/share/common-lisp/ros/hand_control/srv/ObjOrientation.lisp
Already unlinked: {}
Unlinking: /home/curtisbot/catkin_ws/devel/share/common-lisp/ros/hand_control/srv/_package_RegraspObject.lisp
Already unlinked: {}
Unlinking: /home/curtisbot/catkin_ws/devel/share/common-lisp/ros/hand_control/srv/IsDropped.lisp
Already unlinked: {}
Unlinking: /home/curtisbot/catkin_ws/devel/share/common-lisp/ros/hand_control/srv/_package_close.lisp
Already unlinked: {}
Unlinking: /home/curtisbot/catkin_ws/devel/share/common-lisp/ros/hand_control/srv/_package_ObjOrientation.lisp
Already unlinked: {}
Unlinking: /home/curtisbot/catkin_ws/devel/share/common-lisp/ros/hand_control/srv/net_eval.lisp
Already unlinked: {}
Unlinking: /home/curtisbot/catkin_ws/devel/share/common-lisp/ros/hand_control/srv/TargetPos.lisp
Already unlinked: {}
Unlinking: /home/curtisbot/catkin_ws/devel/share/common-lisp/ros/hand_control/srv/RegraspObject.lisp
Already unlinked: {}
Unlinking: /home/curtisbot/catkin_ws/devel/share/common-lisp/ros/hand_control/srv/_package_planroll.lisp
Already unlinked: {}
Unlinking: /home/curtisbot/catkin_ws/devel/share/common-lisp/ros/hand_control/srv/observation.lisp
Already unlinked: {}
Unlinking: /home/curtisbot/catkin_ws/devel/share/common-lisp/ros/hand_control/srv/close.lisp
Already unlinked: {}
Unlinking: /home/curtisbot/catkin_ws/devel/share/gennodejs/ros/hand_control/_index.js
Already unlinked: {}
Unlinking: /home/curtisbot/catkin_ws/devel/share/gennodejs/ros/hand_control/msg/plan_for_goal_request.js
Already unlinked: {}
Unlinking: /home/curtisbot/catkin_ws/devel/share/gennodejs/ros/hand_control/msg/plan_for_goal_response.js
Already unlinked: {}
Unlinking: /home/curtisbot/catkin_ws/devel/share/gennodejs/ros/hand_control/msg/_index.js
Already unlinked: {}
Unlinking: /home/curtisbot/catkin_ws/devel/share/gennodejs/ros/hand_control/srv/close.js
Already unlinked: {}
Unlinking: /home/curtisbot/catkin_ws/devel/share/gennodejs/ros/hand_control/srv/TargetAngles.js
Already unlinked: {}
Unlinking: /home/curtisbot/catkin_ws/devel/share/gennodejs/ros/hand_control/srv/net_eval.js
Already unlinked: {}
Unlinking: /home/curtisbot/catkin_ws/devel/share/gennodejs/ros/hand_control/srv/planroll.js
Already unlinked: {}
Unlinking: /home/curtisbot/catkin_ws/devel/share/gennodejs/ros/hand_control/srv/_index.js
Already unlinked: {}
Unlinking: /home/curtisbot/catkin_ws/devel/share/gennodejs/ros/hand_control/srv/observation.js
Already unlinked: {}
Unlinking: /home/curtisbot/catkin_ws/devel/share/gennodejs/ros/hand_control/srv/IsDropped.js
Already unlinked: {}
Unlinking: /home/curtisbot/catkin_ws/devel/share/gennodejs/ros/hand_control/srv/RegraspObject.js
Already unlinked: {}
Unlinking: /home/curtisbot/catkin_ws/devel/share/gennodejs/ros/hand_control/srv/TargetPos.js
Already unlinked: {}
Unlinking: /home/curtisbot/catkin_ws/devel/share/gennodejs/ros/hand_control/srv/ObjOrientation.js
Already unlinked: {}
Unlinking: /home/curtisbot/catkin_ws/devel/share/roseus/ros/hand_control/manifest.l
Already unlinked: {}
Unlinking: /home/curtisbot/catkin_ws/devel/share/roseus/ros/hand_control/msg/plan_for_goal_request.l
Already unlinked: {}
Unlinking: /home/curtisbot/catkin_ws/devel/share/roseus/ros/hand_control/msg/plan_for_goal_response.l
Already unlinked: {}
Unlinking: /home/curtisbot/catkin_ws/devel/share/roseus/ros/hand_control/srv/observation.l
Already unlinked: {}
Unlinking: /home/curtisbot/catkin_ws/devel/share/roseus/ros/hand_control/srv/RegraspObject.l
Already unlinked: {}
Unlinking: /home/curtisbot/catkin_ws/devel/share/roseus/ros/hand_control/srv/IsDropped.l
Already unlinked: {}
Unlinking: /home/curtisbot/catkin_ws/devel/share/roseus/ros/hand_control/srv/ObjOrientation.l
Already unlinked: {}
Unlinking: /home/curtisbot/catkin_ws/devel/share/roseus/ros/hand_control/srv/close.l
Already unlinked: {}
Unlinking: /home/curtisbot/catkin_ws/devel/share/roseus/ros/hand_control/srv/TargetAngles.l
Already unlinked: {}
Unlinking: /home/curtisbot/catkin_ws/devel/share/roseus/ros/hand_control/srv/TargetPos.l
Already unlinked: {}
Unlinking: /home/curtisbot/catkin_ws/devel/share/roseus/ros/hand_control/srv/planroll.l
Already unlinked: {}
Unlinking: /home/curtisbot/catkin_ws/devel/share/roseus/ros/hand_control/srv/net_eval.l
Already unlinked: {}
Unlinking: /home/curtisbot/catkin_ws/devel/lib/pkgconfig/hand_control.pc
Already unlinked: {}
Unlinking: /home/curtisbot/catkin_ws/devel/lib/python2.7/dist-packages/hand_control/__init__.py
Already unlinked: {}
Unlinking: /home/curtisbot/catkin_ws/devel/lib/python2.7/dist-packages/hand_control/msg/_plan_for_goal_request.py
Already unlinked: {}
Unlinking: /home/curtisbot/catkin_ws/devel/lib/python2.7/dist-packages/hand_control/msg/__init__.py
Already unlinked: {}
Unlinking: /home/curtisbot/catkin_ws/devel/lib/python2.7/dist-packages/hand_control/msg/_plan_for_goal_response.py
Already unlinked: {}
Unlinking: /home/curtisbot/catkin_ws/devel/lib/python2.7/dist-packages/hand_control/srv/_net_eval.py
Already unlinked: {}
Unlinking: /home/curtisbot/catkin_ws/devel/lib/python2.7/dist-packages/hand_control/srv/_planroll.py
Already unlinked: {}
Unlinking: /home/curtisbot/catkin_ws/devel/lib/python2.7/dist-packages/hand_control/srv/_observation.py
Already unlinked: {}
Unlinking: /home/curtisbot/catkin_ws/devel/lib/python2.7/dist-packages/hand_control/srv/__init__.py
Already unlinked: {}
Unlinking: /home/curtisbot/catkin_ws/devel/lib/python2.7/dist-packages/hand_control/srv/_TargetPos.py
Already unlinked: {}
Unlinking: /home/curtisbot/catkin_ws/devel/lib/python2.7/dist-packages/hand_control/srv/_TargetAngles.py
Already unlinked: {}
Unlinking: /home/curtisbot/catkin_ws/devel/lib/python2.7/dist-packages/hand_control/srv/_ObjOrientation.py
Already unlinked: {}
Unlinking: /home/curtisbot/catkin_ws/devel/lib/python2.7/dist-packages/hand_control/srv/_IsDropped.py
Already unlinked: {}
Unlinking: /home/curtisbot/catkin_ws/devel/lib/python2.7/dist-packages/hand_control/srv/_RegraspObject.py
Already unlinked: {}
Unlinking: /home/curtisbot/catkin_ws/devel/lib/python2.7/dist-packages/hand_control/srv/_close.py
Already unlinked: {}
