Linked: (/home/julius/TAU-Hand-Control/devel/.private/hand_control/lib/pkgconfig/hand_control.pc, /home/julius/TAU-Hand-Control/devel/lib/pkgconfig/hand_control.pc)
Linked: (/home/julius/TAU-Hand-Control/devel/.private/hand_control/lib/python2.7/dist-packages/hand_control/__init__.py, /home/julius/TAU-Hand-Control/devel/lib/python2.7/dist-packages/hand_control/__init__.py)
Linked: (/home/julius/TAU-Hand-Control/devel/.private/hand_control/lib/python2.7/dist-packages/hand_control/srv/__init__.py, /home/julius/TAU-Hand-Control/devel/lib/python2.7/dist-packages/hand_control/srv/__init__.py)
Linked: (/home/julius/TAU-Hand-Control/devel/.private/hand_control/lib/python2.7/dist-packages/hand_control/srv/_observation.py, /home/julius/TAU-Hand-Control/devel/lib/python2.7/dist-packages/hand_control/srv/_observation.py)
Linked: (/home/julius/TAU-Hand-Control/devel/.private/hand_control/lib/python2.7/dist-packages/hand_control/srv/_ObjOrientation.py, /home/julius/TAU-Hand-Control/devel/lib/python2.7/dist-packages/hand_control/srv/_ObjOrientation.py)
Linked: (/home/julius/TAU-Hand-Control/devel/.private/hand_control/lib/python2.7/dist-packages/hand_control/srv/_close.py, /home/julius/TAU-Hand-Control/devel/lib/python2.7/dist-packages/hand_control/srv/_close.py)
Linked: (/home/julius/TAU-Hand-Control/devel/.private/hand_control/lib/python2.7/dist-packages/hand_control/srv/_TargetPos.py, /home/julius/TAU-Hand-Control/devel/lib/python2.7/dist-packages/hand_control/srv/_TargetPos.py)
Linked: (/home/julius/TAU-Hand-Control/devel/.private/hand_control/lib/python2.7/dist-packages/hand_control/srv/_planroll.py, /home/julius/TAU-Hand-Control/devel/lib/python2.7/dist-packages/hand_control/srv/_planroll.py)
Linked: (/home/julius/TAU-Hand-Control/devel/.private/hand_control/lib/python2.7/dist-packages/hand_control/srv/_net_eval.py, /home/julius/TAU-Hand-Control/devel/lib/python2.7/dist-packages/hand_control/srv/_net_eval.py)
Linked: (/home/julius/TAU-Hand-Control/devel/.private/hand_control/lib/python2.7/dist-packages/hand_control/srv/_RegraspObject.py, /home/julius/TAU-Hand-Control/devel/lib/python2.7/dist-packages/hand_control/srv/_RegraspObject.py)
Linked: (/home/julius/TAU-Hand-Control/devel/.private/hand_control/lib/python2.7/dist-packages/hand_control/srv/_TargetAngles.py, /home/julius/TAU-Hand-Control/devel/lib/python2.7/dist-packages/hand_control/srv/_TargetAngles.py)
Linked: (/home/julius/TAU-Hand-Control/devel/.private/hand_control/lib/python2.7/dist-packages/hand_control/srv/_IsDropped.py, /home/julius/TAU-Hand-Control/devel/lib/python2.7/dist-packages/hand_control/srv/_IsDropped.py)
Linked: (/home/julius/TAU-Hand-Control/devel/.private/hand_control/lib/python2.7/dist-packages/hand_control/msg/__init__.py, /home/julius/TAU-Hand-Control/devel/lib/python2.7/dist-packages/hand_control/msg/__init__.py)
Linked: (/home/julius/TAU-Hand-Control/devel/.private/hand_control/lib/python2.7/dist-packages/hand_control/msg/_plan_for_goal_response.py, /home/julius/TAU-Hand-Control/devel/lib/python2.7/dist-packages/hand_control/msg/_plan_for_goal_response.py)
Linked: (/home/julius/TAU-Hand-Control/devel/.private/hand_control/lib/python2.7/dist-packages/hand_control/msg/_plan_for_goal_request.py, /home/julius/TAU-Hand-Control/devel/lib/python2.7/dist-packages/hand_control/msg/_plan_for_goal_request.py)
Linked: (/home/julius/TAU-Hand-Control/devel/.private/hand_control/include/hand_control/TargetPos.h, /home/julius/TAU-Hand-Control/devel/include/hand_control/TargetPos.h)
Linked: (/home/julius/TAU-Hand-Control/devel/.private/hand_control/include/hand_control/IsDroppedResponse.h, /home/julius/TAU-Hand-Control/devel/include/hand_control/IsDroppedResponse.h)
Linked: (/home/julius/TAU-Hand-Control/devel/.private/hand_control/include/hand_control/plan_for_goal_response.h, /home/julius/TAU-Hand-Control/devel/include/hand_control/plan_for_goal_response.h)
Linked: (/home/julius/TAU-Hand-Control/devel/.private/hand_control/include/hand_control/TargetAnglesRequest.h, /home/julius/TAU-Hand-Control/devel/include/hand_control/TargetAnglesRequest.h)
Linked: (/home/julius/TAU-Hand-Control/devel/.private/hand_control/include/hand_control/closeResponse.h, /home/julius/TAU-Hand-Control/devel/include/hand_control/closeResponse.h)
Linked: (/home/julius/TAU-Hand-Control/devel/.private/hand_control/include/hand_control/RegraspObjectRequest.h, /home/julius/TAU-Hand-Control/devel/include/hand_control/RegraspObjectRequest.h)
Linked: (/home/julius/TAU-Hand-Control/devel/.private/hand_control/include/hand_control/net_eval.h, /home/julius/TAU-Hand-Control/devel/include/hand_control/net_eval.h)
Linked: (/home/julius/TAU-Hand-Control/devel/.private/hand_control/include/hand_control/RegraspObjectResponse.h, /home/julius/TAU-Hand-Control/devel/include/hand_control/RegraspObjectResponse.h)
Linked: (/home/julius/TAU-Hand-Control/devel/.private/hand_control/include/hand_control/TargetPosResponse.h, /home/julius/TAU-Hand-Control/devel/include/hand_control/TargetPosResponse.h)
Linked: (/home/julius/TAU-Hand-Control/devel/.private/hand_control/include/hand_control/observation.h, /home/julius/TAU-Hand-Control/devel/include/hand_control/observation.h)
Linked: (/home/julius/TAU-Hand-Control/devel/.private/hand_control/include/hand_control/planrollRequest.h, /home/julius/TAU-Hand-Control/devel/include/hand_control/planrollRequest.h)
Linked: (/home/julius/TAU-Hand-Control/devel/.private/hand_control/include/hand_control/planrollResponse.h, /home/julius/TAU-Hand-Control/devel/include/hand_control/planrollResponse.h)
Linked: (/home/julius/TAU-Hand-Control/devel/.private/hand_control/include/hand_control/observationResponse.h, /home/julius/TAU-Hand-Control/devel/include/hand_control/observationResponse.h)
Linked: (/home/julius/TAU-Hand-Control/devel/.private/hand_control/include/hand_control/RegraspObject.h, /home/julius/TAU-Hand-Control/devel/include/hand_control/RegraspObject.h)
Linked: (/home/julius/TAU-Hand-Control/devel/.private/hand_control/include/hand_control/TargetAnglesResponse.h, /home/julius/TAU-Hand-Control/devel/include/hand_control/TargetAnglesResponse.h)
Linked: (/home/julius/TAU-Hand-Control/devel/.private/hand_control/include/hand_control/observationRequest.h, /home/julius/TAU-Hand-Control/devel/include/hand_control/observationRequest.h)
Linked: (/home/julius/TAU-Hand-Control/devel/.private/hand_control/include/hand_control/planroll.h, /home/julius/TAU-Hand-Control/devel/include/hand_control/planroll.h)
Linked: (/home/julius/TAU-Hand-Control/devel/.private/hand_control/include/hand_control/plan_for_goal_request.h, /home/julius/TAU-Hand-Control/devel/include/hand_control/plan_for_goal_request.h)
Linked: (/home/julius/TAU-Hand-Control/devel/.private/hand_control/include/hand_control/closeRequest.h, /home/julius/TAU-Hand-Control/devel/include/hand_control/closeRequest.h)
Linked: (/home/julius/TAU-Hand-Control/devel/.private/hand_control/include/hand_control/ObjOrientationResponse.h, /home/julius/TAU-Hand-Control/devel/include/hand_control/ObjOrientationResponse.h)
Linked: (/home/julius/TAU-Hand-Control/devel/.private/hand_control/include/hand_control/ObjOrientation.h, /home/julius/TAU-Hand-Control/devel/include/hand_control/ObjOrientation.h)
Linked: (/home/julius/TAU-Hand-Control/devel/.private/hand_control/include/hand_control/ObjOrientationRequest.h, /home/julius/TAU-Hand-Control/devel/include/hand_control/ObjOrientationRequest.h)
Linked: (/home/julius/TAU-Hand-Control/devel/.private/hand_control/include/hand_control/IsDroppedRequest.h, /home/julius/TAU-Hand-Control/devel/include/hand_control/IsDroppedRequest.h)
Linked: (/home/julius/TAU-Hand-Control/devel/.private/hand_control/include/hand_control/net_evalRequest.h, /home/julius/TAU-Hand-Control/devel/include/hand_control/net_evalRequest.h)
Linked: (/home/julius/TAU-Hand-Control/devel/.private/hand_control/include/hand_control/net_evalResponse.h, /home/julius/TAU-Hand-Control/devel/include/hand_control/net_evalResponse.h)
Linked: (/home/julius/TAU-Hand-Control/devel/.private/hand_control/include/hand_control/TargetAngles.h, /home/julius/TAU-Hand-Control/devel/include/hand_control/TargetAngles.h)
Linked: (/home/julius/TAU-Hand-Control/devel/.private/hand_control/include/hand_control/IsDropped.h, /home/julius/TAU-Hand-Control/devel/include/hand_control/IsDropped.h)
Linked: (/home/julius/TAU-Hand-Control/devel/.private/hand_control/include/hand_control/close.h, /home/julius/TAU-Hand-Control/devel/include/hand_control/close.h)
Linked: (/home/julius/TAU-Hand-Control/devel/.private/hand_control/include/hand_control/TargetPosRequest.h, /home/julius/TAU-Hand-Control/devel/include/hand_control/TargetPosRequest.h)
Linked: (/home/julius/TAU-Hand-Control/devel/.private/hand_control/share/common-lisp/ros/hand_control/srv/_package_IsDropped.lisp, /home/julius/TAU-Hand-Control/devel/share/common-lisp/ros/hand_control/srv/_package_IsDropped.lisp)
Linked: (/home/julius/TAU-Hand-Control/devel/.private/hand_control/share/common-lisp/ros/hand_control/srv/observation.lisp, /home/julius/TAU-Hand-Control/devel/share/common-lisp/ros/hand_control/srv/observation.lisp)
Linked: (/home/julius/TAU-Hand-Control/devel/.private/hand_control/share/common-lisp/ros/hand_control/srv/_package_planroll.lisp, /home/julius/TAU-Hand-Control/devel/share/common-lisp/ros/hand_control/srv/_package_planroll.lisp)
Linked: (/home/julius/TAU-Hand-Control/devel/.private/hand_control/share/common-lisp/ros/hand_control/srv/_package_TargetPos.lisp, /home/julius/TAU-Hand-Control/devel/share/common-lisp/ros/hand_control/srv/_package_TargetPos.lisp)
Linked: (/home/julius/TAU-Hand-Control/devel/.private/hand_control/share/common-lisp/ros/hand_control/srv/RegraspObject.lisp, /home/julius/TAU-Hand-Control/devel/share/common-lisp/ros/hand_control/srv/RegraspObject.lisp)
Linked: (/home/julius/TAU-Hand-Control/devel/.private/hand_control/share/common-lisp/ros/hand_control/srv/_package_TargetAngles.lisp, /home/julius/TAU-Hand-Control/devel/share/common-lisp/ros/hand_control/srv/_package_TargetAngles.lisp)
Linked: (/home/julius/TAU-Hand-Control/devel/.private/hand_control/share/common-lisp/ros/hand_control/srv/_package_close.lisp, /home/julius/TAU-Hand-Control/devel/share/common-lisp/ros/hand_control/srv/_package_close.lisp)
Linked: (/home/julius/TAU-Hand-Control/devel/.private/hand_control/share/common-lisp/ros/hand_control/srv/TargetPos.lisp, /home/julius/TAU-Hand-Control/devel/share/common-lisp/ros/hand_control/srv/TargetPos.lisp)
Linked: (/home/julius/TAU-Hand-Control/devel/.private/hand_control/share/common-lisp/ros/hand_control/srv/ObjOrientation.lisp, /home/julius/TAU-Hand-Control/devel/share/common-lisp/ros/hand_control/srv/ObjOrientation.lisp)
Linked: (/home/julius/TAU-Hand-Control/devel/.private/hand_control/share/common-lisp/ros/hand_control/srv/_package_ObjOrientation.lisp, /home/julius/TAU-Hand-Control/devel/share/common-lisp/ros/hand_control/srv/_package_ObjOrientation.lisp)
Linked: (/home/julius/TAU-Hand-Control/devel/.private/hand_control/share/common-lisp/ros/hand_control/srv/hand_control-srv.asd, /home/julius/TAU-Hand-Control/devel/share/common-lisp/ros/hand_control/srv/hand_control-srv.asd)
Linked: (/home/julius/TAU-Hand-Control/devel/.private/hand_control/share/common-lisp/ros/hand_control/srv/_package_observation.lisp, /home/julius/TAU-Hand-Control/devel/share/common-lisp/ros/hand_control/srv/_package_observation.lisp)
Linked: (/home/julius/TAU-Hand-Control/devel/.private/hand_control/share/common-lisp/ros/hand_control/srv/IsDropped.lisp, /home/julius/TAU-Hand-Control/devel/share/common-lisp/ros/hand_control/srv/IsDropped.lisp)
Linked: (/home/julius/TAU-Hand-Control/devel/.private/hand_control/share/common-lisp/ros/hand_control/srv/planroll.lisp, /home/julius/TAU-Hand-Control/devel/share/common-lisp/ros/hand_control/srv/planroll.lisp)
Linked: (/home/julius/TAU-Hand-Control/devel/.private/hand_control/share/common-lisp/ros/hand_control/srv/_package.lisp, /home/julius/TAU-Hand-Control/devel/share/common-lisp/ros/hand_control/srv/_package.lisp)
Linked: (/home/julius/TAU-Hand-Control/devel/.private/hand_control/share/common-lisp/ros/hand_control/srv/close.lisp, /home/julius/TAU-Hand-Control/devel/share/common-lisp/ros/hand_control/srv/close.lisp)
Linked: (/home/julius/TAU-Hand-Control/devel/.private/hand_control/share/common-lisp/ros/hand_control/srv/_package_net_eval.lisp, /home/julius/TAU-Hand-Control/devel/share/common-lisp/ros/hand_control/srv/_package_net_eval.lisp)
Linked: (/home/julius/TAU-Hand-Control/devel/.private/hand_control/share/common-lisp/ros/hand_control/srv/_package_RegraspObject.lisp, /home/julius/TAU-Hand-Control/devel/share/common-lisp/ros/hand_control/srv/_package_RegraspObject.lisp)
Linked: (/home/julius/TAU-Hand-Control/devel/.private/hand_control/share/common-lisp/ros/hand_control/srv/TargetAngles.lisp, /home/julius/TAU-Hand-Control/devel/share/common-lisp/ros/hand_control/srv/TargetAngles.lisp)
Linked: (/home/julius/TAU-Hand-Control/devel/.private/hand_control/share/common-lisp/ros/hand_control/srv/net_eval.lisp, /home/julius/TAU-Hand-Control/devel/share/common-lisp/ros/hand_control/srv/net_eval.lisp)
Linked: (/home/julius/TAU-Hand-Control/devel/.private/hand_control/share/common-lisp/ros/hand_control/msg/_package_plan_for_goal_response.lisp, /home/julius/TAU-Hand-Control/devel/share/common-lisp/ros/hand_control/msg/_package_plan_for_goal_response.lisp)
Linked: (/home/julius/TAU-Hand-Control/devel/.private/hand_control/share/common-lisp/ros/hand_control/msg/plan_for_goal_response.lisp, /home/julius/TAU-Hand-Control/devel/share/common-lisp/ros/hand_control/msg/plan_for_goal_response.lisp)
Linked: (/home/julius/TAU-Hand-Control/devel/.private/hand_control/share/common-lisp/ros/hand_control/msg/_package.lisp, /home/julius/TAU-Hand-Control/devel/share/common-lisp/ros/hand_control/msg/_package.lisp)
Linked: (/home/julius/TAU-Hand-Control/devel/.private/hand_control/share/common-lisp/ros/hand_control/msg/_package_plan_for_goal_request.lisp, /home/julius/TAU-Hand-Control/devel/share/common-lisp/ros/hand_control/msg/_package_plan_for_goal_request.lisp)
Linked: (/home/julius/TAU-Hand-Control/devel/.private/hand_control/share/common-lisp/ros/hand_control/msg/plan_for_goal_request.lisp, /home/julius/TAU-Hand-Control/devel/share/common-lisp/ros/hand_control/msg/plan_for_goal_request.lisp)
Linked: (/home/julius/TAU-Hand-Control/devel/.private/hand_control/share/common-lisp/ros/hand_control/msg/hand_control-msg.asd, /home/julius/TAU-Hand-Control/devel/share/common-lisp/ros/hand_control/msg/hand_control-msg.asd)
Linked: (/home/julius/TAU-Hand-Control/devel/.private/hand_control/share/gennodejs/ros/hand_control/_index.js, /home/julius/TAU-Hand-Control/devel/share/gennodejs/ros/hand_control/_index.js)
Linked: (/home/julius/TAU-Hand-Control/devel/.private/hand_control/share/gennodejs/ros/hand_control/srv/planroll.js, /home/julius/TAU-Hand-Control/devel/share/gennodejs/ros/hand_control/srv/planroll.js)
Linked: (/home/julius/TAU-Hand-Control/devel/.private/hand_control/share/gennodejs/ros/hand_control/srv/_index.js, /home/julius/TAU-Hand-Control/devel/share/gennodejs/ros/hand_control/srv/_index.js)
Linked: (/home/julius/TAU-Hand-Control/devel/.private/hand_control/share/gennodejs/ros/hand_control/srv/TargetPos.js, /home/julius/TAU-Hand-Control/devel/share/gennodejs/ros/hand_control/srv/TargetPos.js)
Linked: (/home/julius/TAU-Hand-Control/devel/.private/hand_control/share/gennodejs/ros/hand_control/srv/TargetAngles.js, /home/julius/TAU-Hand-Control/devel/share/gennodejs/ros/hand_control/srv/TargetAngles.js)
Linked: (/home/julius/TAU-Hand-Control/devel/.private/hand_control/share/gennodejs/ros/hand_control/srv/observation.js, /home/julius/TAU-Hand-Control/devel/share/gennodejs/ros/hand_control/srv/observation.js)
Linked: (/home/julius/TAU-Hand-Control/devel/.private/hand_control/share/gennodejs/ros/hand_control/srv/net_eval.js, /home/julius/TAU-Hand-Control/devel/share/gennodejs/ros/hand_control/srv/net_eval.js)
Linked: (/home/julius/TAU-Hand-Control/devel/.private/hand_control/share/gennodejs/ros/hand_control/srv/ObjOrientation.js, /home/julius/TAU-Hand-Control/devel/share/gennodejs/ros/hand_control/srv/ObjOrientation.js)
Linked: (/home/julius/TAU-Hand-Control/devel/.private/hand_control/share/gennodejs/ros/hand_control/srv/RegraspObject.js, /home/julius/TAU-Hand-Control/devel/share/gennodejs/ros/hand_control/srv/RegraspObject.js)
Linked: (/home/julius/TAU-Hand-Control/devel/.private/hand_control/share/gennodejs/ros/hand_control/srv/close.js, /home/julius/TAU-Hand-Control/devel/share/gennodejs/ros/hand_control/srv/close.js)
Linked: (/home/julius/TAU-Hand-Control/devel/.private/hand_control/share/gennodejs/ros/hand_control/srv/IsDropped.js, /home/julius/TAU-Hand-Control/devel/share/gennodejs/ros/hand_control/srv/IsDropped.js)
Linked: (/home/julius/TAU-Hand-Control/devel/.private/hand_control/share/gennodejs/ros/hand_control/msg/_index.js, /home/julius/TAU-Hand-Control/devel/share/gennodejs/ros/hand_control/msg/_index.js)
Linked: (/home/julius/TAU-Hand-Control/devel/.private/hand_control/share/gennodejs/ros/hand_control/msg/plan_for_goal_response.js, /home/julius/TAU-Hand-Control/devel/share/gennodejs/ros/hand_control/msg/plan_for_goal_response.js)
Linked: (/home/julius/TAU-Hand-Control/devel/.private/hand_control/share/gennodejs/ros/hand_control/msg/plan_for_goal_request.js, /home/julius/TAU-Hand-Control/devel/share/gennodejs/ros/hand_control/msg/plan_for_goal_request.js)
Linked: (/home/julius/TAU-Hand-Control/devel/.private/hand_control/share/roseus/ros/hand_control/manifest.l, /home/julius/TAU-Hand-Control/devel/share/roseus/ros/hand_control/manifest.l)
Linked: (/home/julius/TAU-Hand-Control/devel/.private/hand_control/share/roseus/ros/hand_control/srv/observation.l, /home/julius/TAU-Hand-Control/devel/share/roseus/ros/hand_control/srv/observation.l)
Linked: (/home/julius/TAU-Hand-Control/devel/.private/hand_control/share/roseus/ros/hand_control/srv/TargetAngles.l, /home/julius/TAU-Hand-Control/devel/share/roseus/ros/hand_control/srv/TargetAngles.l)
Linked: (/home/julius/TAU-Hand-Control/devel/.private/hand_control/share/roseus/ros/hand_control/srv/IsDropped.l, /home/julius/TAU-Hand-Control/devel/share/roseus/ros/hand_control/srv/IsDropped.l)
Linked: (/home/julius/TAU-Hand-Control/devel/.private/hand_control/share/roseus/ros/hand_control/srv/planroll.l, /home/julius/TAU-Hand-Control/devel/share/roseus/ros/hand_control/srv/planroll.l)
Linked: (/home/julius/TAU-Hand-Control/devel/.private/hand_control/share/roseus/ros/hand_control/srv/TargetPos.l, /home/julius/TAU-Hand-Control/devel/share/roseus/ros/hand_control/srv/TargetPos.l)
Linked: (/home/julius/TAU-Hand-Control/devel/.private/hand_control/share/roseus/ros/hand_control/srv/close.l, /home/julius/TAU-Hand-Control/devel/share/roseus/ros/hand_control/srv/close.l)
Linked: (/home/julius/TAU-Hand-Control/devel/.private/hand_control/share/roseus/ros/hand_control/srv/RegraspObject.l, /home/julius/TAU-Hand-Control/devel/share/roseus/ros/hand_control/srv/RegraspObject.l)
Linked: (/home/julius/TAU-Hand-Control/devel/.private/hand_control/share/roseus/ros/hand_control/srv/net_eval.l, /home/julius/TAU-Hand-Control/devel/share/roseus/ros/hand_control/srv/net_eval.l)
Linked: (/home/julius/TAU-Hand-Control/devel/.private/hand_control/share/roseus/ros/hand_control/srv/ObjOrientation.l, /home/julius/TAU-Hand-Control/devel/share/roseus/ros/hand_control/srv/ObjOrientation.l)
Linked: (/home/julius/TAU-Hand-Control/devel/.private/hand_control/share/roseus/ros/hand_control/msg/plan_for_goal_request.l, /home/julius/TAU-Hand-Control/devel/share/roseus/ros/hand_control/msg/plan_for_goal_request.l)
Linked: (/home/julius/TAU-Hand-Control/devel/.private/hand_control/share/roseus/ros/hand_control/msg/plan_for_goal_response.l, /home/julius/TAU-Hand-Control/devel/share/roseus/ros/hand_control/msg/plan_for_goal_response.l)
Linked: (/home/julius/TAU-Hand-Control/devel/.private/hand_control/share/hand_control/cmake/hand_controlConfig-version.cmake, /home/julius/TAU-Hand-Control/devel/share/hand_control/cmake/hand_controlConfig-version.cmake)
Linked: (/home/julius/TAU-Hand-Control/devel/.private/hand_control/share/hand_control/cmake/hand_control-msg-extras.cmake, /home/julius/TAU-Hand-Control/devel/share/hand_control/cmake/hand_control-msg-extras.cmake)
Linked: (/home/julius/TAU-Hand-Control/devel/.private/hand_control/share/hand_control/cmake/hand_control-msg-paths.cmake, /home/julius/TAU-Hand-Control/devel/share/hand_control/cmake/hand_control-msg-paths.cmake)
Linked: (/home/julius/TAU-Hand-Control/devel/.private/hand_control/share/hand_control/cmake/hand_controlConfig.cmake, /home/julius/TAU-Hand-Control/devel/share/hand_control/cmake/hand_controlConfig.cmake)
