Linked: (/home/julius/TAU-Hand-Control/devel/.private/openhand_node/lib/pkgconfig/openhand_node.pc, /home/julius/TAU-Hand-Control/devel/lib/pkgconfig/openhand_node.pc)
Linked: (/home/julius/TAU-Hand-Control/devel/.private/openhand_node/lib/python2.7/dist-packages/openhand_node/__init__.py, /home/julius/TAU-Hand-Control/devel/lib/python2.7/dist-packages/openhand_node/__init__.py)
Linked: (/home/julius/TAU-Hand-Control/devel/.private/openhand_node/lib/python2.7/dist-packages/openhand_node/srv/__init__.py, /home/julius/TAU-Hand-Control/devel/lib/python2.7/dist-packages/openhand_node/srv/__init__.py)
Linked: (/home/julius/TAU-Hand-Control/devel/.private/openhand_node/lib/python2.7/dist-packages/openhand_node/srv/_ReadTemperature.py, /home/julius/TAU-Hand-Control/devel/lib/python2.7/dist-packages/openhand_node/srv/_ReadTemperature.py)
Linked: (/home/julius/TAU-Hand-Control/devel/.private/openhand_node/lib/python2.7/dist-packages/openhand_node/srv/_ReadSensors.py, /home/julius/TAU-Hand-Control/devel/lib/python2.7/dist-packages/openhand_node/srv/_ReadSensors.py)
Linked: (/home/julius/TAU-Hand-Control/devel/.private/openhand_node/lib/python2.7/dist-packages/openhand_node/srv/_HoldServos.py, /home/julius/TAU-Hand-Control/devel/lib/python2.7/dist-packages/openhand_node/srv/_HoldServos.py)
Linked: (/home/julius/TAU-Hand-Control/devel/.private/openhand_node/lib/python2.7/dist-packages/openhand_node/srv/_OperatingMode.py, /home/julius/TAU-Hand-Control/devel/lib/python2.7/dist-packages/openhand_node/srv/_OperatingMode.py)
Linked: (/home/julius/TAU-Hand-Control/devel/.private/openhand_node/lib/python2.7/dist-packages/openhand_node/srv/_TorqueServos.py, /home/julius/TAU-Hand-Control/devel/lib/python2.7/dist-packages/openhand_node/srv/_TorqueServos.py)
Linked: (/home/julius/TAU-Hand-Control/devel/.private/openhand_node/lib/python2.7/dist-packages/openhand_node/srv/_ReadCurrent.py, /home/julius/TAU-Hand-Control/devel/lib/python2.7/dist-packages/openhand_node/srv/_ReadCurrent.py)
Linked: (/home/julius/TAU-Hand-Control/devel/.private/openhand_node/lib/python2.7/dist-packages/openhand_node/srv/_ReadServos.py, /home/julius/TAU-Hand-Control/devel/lib/python2.7/dist-packages/openhand_node/srv/_ReadServos.py)
Linked: (/home/julius/TAU-Hand-Control/devel/.private/openhand_node/lib/python2.7/dist-packages/openhand_node/srv/_MoveServos.py, /home/julius/TAU-Hand-Control/devel/lib/python2.7/dist-packages/openhand_node/srv/_MoveServos.py)
Linked: (/home/julius/TAU-Hand-Control/devel/.private/openhand_node/lib/python2.7/dist-packages/openhand_node/srv/_ReadLoad.py, /home/julius/TAU-Hand-Control/devel/lib/python2.7/dist-packages/openhand_node/srv/_ReadLoad.py)
Linked: (/home/julius/TAU-Hand-Control/devel/.private/openhand_node/include/openhand_node/MoveServosRequest.h, /home/julius/TAU-Hand-Control/devel/include/openhand_node/MoveServosRequest.h)
Linked: (/home/julius/TAU-Hand-Control/devel/.private/openhand_node/include/openhand_node/ReadLoad.h, /home/julius/TAU-Hand-Control/devel/include/openhand_node/ReadLoad.h)
Linked: (/home/julius/TAU-Hand-Control/devel/.private/openhand_node/include/openhand_node/ReadSensors.h, /home/julius/TAU-Hand-Control/devel/include/openhand_node/ReadSensors.h)
Linked: (/home/julius/TAU-Hand-Control/devel/.private/openhand_node/include/openhand_node/ReadLoadRequest.h, /home/julius/TAU-Hand-Control/devel/include/openhand_node/ReadLoadRequest.h)
Linked: (/home/julius/TAU-Hand-Control/devel/.private/openhand_node/include/openhand_node/OperatingModeResponse.h, /home/julius/TAU-Hand-Control/devel/include/openhand_node/OperatingModeResponse.h)
Linked: (/home/julius/TAU-Hand-Control/devel/.private/openhand_node/include/openhand_node/OperatingModeRequest.h, /home/julius/TAU-Hand-Control/devel/include/openhand_node/OperatingModeRequest.h)
Linked: (/home/julius/TAU-Hand-Control/devel/.private/openhand_node/include/openhand_node/HoldServos.h, /home/julius/TAU-Hand-Control/devel/include/openhand_node/HoldServos.h)
Linked: (/home/julius/TAU-Hand-Control/devel/.private/openhand_node/include/openhand_node/ReadTemperatureRequest.h, /home/julius/TAU-Hand-Control/devel/include/openhand_node/ReadTemperatureRequest.h)
Linked: (/home/julius/TAU-Hand-Control/devel/.private/openhand_node/include/openhand_node/ReadSensorsResponse.h, /home/julius/TAU-Hand-Control/devel/include/openhand_node/ReadSensorsResponse.h)
Linked: (/home/julius/TAU-Hand-Control/devel/.private/openhand_node/include/openhand_node/ReadServos.h, /home/julius/TAU-Hand-Control/devel/include/openhand_node/ReadServos.h)
Linked: (/home/julius/TAU-Hand-Control/devel/.private/openhand_node/include/openhand_node/TorqueServosRequest.h, /home/julius/TAU-Hand-Control/devel/include/openhand_node/TorqueServosRequest.h)
Linked: (/home/julius/TAU-Hand-Control/devel/.private/openhand_node/include/openhand_node/TorqueServos.h, /home/julius/TAU-Hand-Control/devel/include/openhand_node/TorqueServos.h)
Linked: (/home/julius/TAU-Hand-Control/devel/.private/openhand_node/include/openhand_node/ReadCurrent.h, /home/julius/TAU-Hand-Control/devel/include/openhand_node/ReadCurrent.h)
Linked: (/home/julius/TAU-Hand-Control/devel/.private/openhand_node/include/openhand_node/ReadCurrentRequest.h, /home/julius/TAU-Hand-Control/devel/include/openhand_node/ReadCurrentRequest.h)
Linked: (/home/julius/TAU-Hand-Control/devel/.private/openhand_node/include/openhand_node/ReadLoadResponse.h, /home/julius/TAU-Hand-Control/devel/include/openhand_node/ReadLoadResponse.h)
Linked: (/home/julius/TAU-Hand-Control/devel/.private/openhand_node/include/openhand_node/ReadSensorsRequest.h, /home/julius/TAU-Hand-Control/devel/include/openhand_node/ReadSensorsRequest.h)
Linked: (/home/julius/TAU-Hand-Control/devel/.private/openhand_node/include/openhand_node/MoveServos.h, /home/julius/TAU-Hand-Control/devel/include/openhand_node/MoveServos.h)
Linked: (/home/julius/TAU-Hand-Control/devel/.private/openhand_node/include/openhand_node/MoveServosResponse.h, /home/julius/TAU-Hand-Control/devel/include/openhand_node/MoveServosResponse.h)
Linked: (/home/julius/TAU-Hand-Control/devel/.private/openhand_node/include/openhand_node/ReadTemperature.h, /home/julius/TAU-Hand-Control/devel/include/openhand_node/ReadTemperature.h)
Linked: (/home/julius/TAU-Hand-Control/devel/.private/openhand_node/include/openhand_node/OperatingMode.h, /home/julius/TAU-Hand-Control/devel/include/openhand_node/OperatingMode.h)
Linked: (/home/julius/TAU-Hand-Control/devel/.private/openhand_node/include/openhand_node/TorqueServosResponse.h, /home/julius/TAU-Hand-Control/devel/include/openhand_node/TorqueServosResponse.h)
Linked: (/home/julius/TAU-Hand-Control/devel/.private/openhand_node/include/openhand_node/HoldServosResponse.h, /home/julius/TAU-Hand-Control/devel/include/openhand_node/HoldServosResponse.h)
Linked: (/home/julius/TAU-Hand-Control/devel/.private/openhand_node/include/openhand_node/ReadServosRequest.h, /home/julius/TAU-Hand-Control/devel/include/openhand_node/ReadServosRequest.h)
Linked: (/home/julius/TAU-Hand-Control/devel/.private/openhand_node/include/openhand_node/ReadTemperatureResponse.h, /home/julius/TAU-Hand-Control/devel/include/openhand_node/ReadTemperatureResponse.h)
Linked: (/home/julius/TAU-Hand-Control/devel/.private/openhand_node/include/openhand_node/ReadCurrentResponse.h, /home/julius/TAU-Hand-Control/devel/include/openhand_node/ReadCurrentResponse.h)
Linked: (/home/julius/TAU-Hand-Control/devel/.private/openhand_node/include/openhand_node/HoldServosRequest.h, /home/julius/TAU-Hand-Control/devel/include/openhand_node/HoldServosRequest.h)
Linked: (/home/julius/TAU-Hand-Control/devel/.private/openhand_node/include/openhand_node/ReadServosResponse.h, /home/julius/TAU-Hand-Control/devel/include/openhand_node/ReadServosResponse.h)
Linked: (/home/julius/TAU-Hand-Control/devel/.private/openhand_node/share/common-lisp/ros/openhand_node/srv/ReadTemperature.lisp, /home/julius/TAU-Hand-Control/devel/share/common-lisp/ros/openhand_node/srv/ReadTemperature.lisp)
Linked: (/home/julius/TAU-Hand-Control/devel/.private/openhand_node/share/common-lisp/ros/openhand_node/srv/_package_ReadLoad.lisp, /home/julius/TAU-Hand-Control/devel/share/common-lisp/ros/openhand_node/srv/_package_ReadLoad.lisp)
Linked: (/home/julius/TAU-Hand-Control/devel/.private/openhand_node/share/common-lisp/ros/openhand_node/srv/_package_ReadServos.lisp, /home/julius/TAU-Hand-Control/devel/share/common-lisp/ros/openhand_node/srv/_package_ReadServos.lisp)
Linked: (/home/julius/TAU-Hand-Control/devel/.private/openhand_node/share/common-lisp/ros/openhand_node/srv/openhand_node-srv.asd, /home/julius/TAU-Hand-Control/devel/share/common-lisp/ros/openhand_node/srv/openhand_node-srv.asd)
Linked: (/home/julius/TAU-Hand-Control/devel/.private/openhand_node/share/common-lisp/ros/openhand_node/srv/_package_MoveServos.lisp, /home/julius/TAU-Hand-Control/devel/share/common-lisp/ros/openhand_node/srv/_package_MoveServos.lisp)
Linked: (/home/julius/TAU-Hand-Control/devel/.private/openhand_node/share/common-lisp/ros/openhand_node/srv/_package_ReadSensors.lisp, /home/julius/TAU-Hand-Control/devel/share/common-lisp/ros/openhand_node/srv/_package_ReadSensors.lisp)
Linked: (/home/julius/TAU-Hand-Control/devel/.private/openhand_node/share/common-lisp/ros/openhand_node/srv/HoldServos.lisp, /home/julius/TAU-Hand-Control/devel/share/common-lisp/ros/openhand_node/srv/HoldServos.lisp)
Linked: (/home/julius/TAU-Hand-Control/devel/.private/openhand_node/share/common-lisp/ros/openhand_node/srv/_package_ReadCurrent.lisp, /home/julius/TAU-Hand-Control/devel/share/common-lisp/ros/openhand_node/srv/_package_ReadCurrent.lisp)
Linked: (/home/julius/TAU-Hand-Control/devel/.private/openhand_node/share/common-lisp/ros/openhand_node/srv/MoveServos.lisp, /home/julius/TAU-Hand-Control/devel/share/common-lisp/ros/openhand_node/srv/MoveServos.lisp)
Linked: (/home/julius/TAU-Hand-Control/devel/.private/openhand_node/share/common-lisp/ros/openhand_node/srv/_package_ReadTemperature.lisp, /home/julius/TAU-Hand-Control/devel/share/common-lisp/ros/openhand_node/srv/_package_ReadTemperature.lisp)
Linked: (/home/julius/TAU-Hand-Control/devel/.private/openhand_node/share/common-lisp/ros/openhand_node/srv/ReadLoad.lisp, /home/julius/TAU-Hand-Control/devel/share/common-lisp/ros/openhand_node/srv/ReadLoad.lisp)
Linked: (/home/julius/TAU-Hand-Control/devel/.private/openhand_node/share/common-lisp/ros/openhand_node/srv/_package.lisp, /home/julius/TAU-Hand-Control/devel/share/common-lisp/ros/openhand_node/srv/_package.lisp)
Linked: (/home/julius/TAU-Hand-Control/devel/.private/openhand_node/share/common-lisp/ros/openhand_node/srv/_package_HoldServos.lisp, /home/julius/TAU-Hand-Control/devel/share/common-lisp/ros/openhand_node/srv/_package_HoldServos.lisp)
Linked: (/home/julius/TAU-Hand-Control/devel/.private/openhand_node/share/common-lisp/ros/openhand_node/srv/_package_TorqueServos.lisp, /home/julius/TAU-Hand-Control/devel/share/common-lisp/ros/openhand_node/srv/_package_TorqueServos.lisp)
Linked: (/home/julius/TAU-Hand-Control/devel/.private/openhand_node/share/common-lisp/ros/openhand_node/srv/OperatingMode.lisp, /home/julius/TAU-Hand-Control/devel/share/common-lisp/ros/openhand_node/srv/OperatingMode.lisp)
Linked: (/home/julius/TAU-Hand-Control/devel/.private/openhand_node/share/common-lisp/ros/openhand_node/srv/ReadServos.lisp, /home/julius/TAU-Hand-Control/devel/share/common-lisp/ros/openhand_node/srv/ReadServos.lisp)
Linked: (/home/julius/TAU-Hand-Control/devel/.private/openhand_node/share/common-lisp/ros/openhand_node/srv/ReadCurrent.lisp, /home/julius/TAU-Hand-Control/devel/share/common-lisp/ros/openhand_node/srv/ReadCurrent.lisp)
Linked: (/home/julius/TAU-Hand-Control/devel/.private/openhand_node/share/common-lisp/ros/openhand_node/srv/ReadSensors.lisp, /home/julius/TAU-Hand-Control/devel/share/common-lisp/ros/openhand_node/srv/ReadSensors.lisp)
Linked: (/home/julius/TAU-Hand-Control/devel/.private/openhand_node/share/common-lisp/ros/openhand_node/srv/_package_OperatingMode.lisp, /home/julius/TAU-Hand-Control/devel/share/common-lisp/ros/openhand_node/srv/_package_OperatingMode.lisp)
Linked: (/home/julius/TAU-Hand-Control/devel/.private/openhand_node/share/common-lisp/ros/openhand_node/srv/TorqueServos.lisp, /home/julius/TAU-Hand-Control/devel/share/common-lisp/ros/openhand_node/srv/TorqueServos.lisp)
Linked: (/home/julius/TAU-Hand-Control/devel/.private/openhand_node/share/openhand_node/cmake/openhand_nodeConfig.cmake, /home/julius/TAU-Hand-Control/devel/share/openhand_node/cmake/openhand_nodeConfig.cmake)
Linked: (/home/julius/TAU-Hand-Control/devel/.private/openhand_node/share/openhand_node/cmake/openhand_node-msg-extras.cmake, /home/julius/TAU-Hand-Control/devel/share/openhand_node/cmake/openhand_node-msg-extras.cmake)
Linked: (/home/julius/TAU-Hand-Control/devel/.private/openhand_node/share/openhand_node/cmake/openhand_nodeConfig-version.cmake, /home/julius/TAU-Hand-Control/devel/share/openhand_node/cmake/openhand_nodeConfig-version.cmake)
Linked: (/home/julius/TAU-Hand-Control/devel/.private/openhand_node/share/openhand_node/cmake/openhand_node-msg-paths.cmake, /home/julius/TAU-Hand-Control/devel/share/openhand_node/cmake/openhand_node-msg-paths.cmake)
Linked: (/home/julius/TAU-Hand-Control/devel/.private/openhand_node/share/gennodejs/ros/openhand_node/_index.js, /home/julius/TAU-Hand-Control/devel/share/gennodejs/ros/openhand_node/_index.js)
Linked: (/home/julius/TAU-Hand-Control/devel/.private/openhand_node/share/gennodejs/ros/openhand_node/srv/TorqueServos.js, /home/julius/TAU-Hand-Control/devel/share/gennodejs/ros/openhand_node/srv/TorqueServos.js)
Linked: (/home/julius/TAU-Hand-Control/devel/.private/openhand_node/share/gennodejs/ros/openhand_node/srv/_index.js, /home/julius/TAU-Hand-Control/devel/share/gennodejs/ros/openhand_node/srv/_index.js)
Linked: (/home/julius/TAU-Hand-Control/devel/.private/openhand_node/share/gennodejs/ros/openhand_node/srv/ReadSensors.js, /home/julius/TAU-Hand-Control/devel/share/gennodejs/ros/openhand_node/srv/ReadSensors.js)
Linked: (/home/julius/TAU-Hand-Control/devel/.private/openhand_node/share/gennodejs/ros/openhand_node/srv/ReadLoad.js, /home/julius/TAU-Hand-Control/devel/share/gennodejs/ros/openhand_node/srv/ReadLoad.js)
Linked: (/home/julius/TAU-Hand-Control/devel/.private/openhand_node/share/gennodejs/ros/openhand_node/srv/ReadCurrent.js, /home/julius/TAU-Hand-Control/devel/share/gennodejs/ros/openhand_node/srv/ReadCurrent.js)
Linked: (/home/julius/TAU-Hand-Control/devel/.private/openhand_node/share/gennodejs/ros/openhand_node/srv/OperatingMode.js, /home/julius/TAU-Hand-Control/devel/share/gennodejs/ros/openhand_node/srv/OperatingMode.js)
Linked: (/home/julius/TAU-Hand-Control/devel/.private/openhand_node/share/gennodejs/ros/openhand_node/srv/ReadServos.js, /home/julius/TAU-Hand-Control/devel/share/gennodejs/ros/openhand_node/srv/ReadServos.js)
Linked: (/home/julius/TAU-Hand-Control/devel/.private/openhand_node/share/gennodejs/ros/openhand_node/srv/ReadTemperature.js, /home/julius/TAU-Hand-Control/devel/share/gennodejs/ros/openhand_node/srv/ReadTemperature.js)
Linked: (/home/julius/TAU-Hand-Control/devel/.private/openhand_node/share/gennodejs/ros/openhand_node/srv/MoveServos.js, /home/julius/TAU-Hand-Control/devel/share/gennodejs/ros/openhand_node/srv/MoveServos.js)
Linked: (/home/julius/TAU-Hand-Control/devel/.private/openhand_node/share/gennodejs/ros/openhand_node/srv/HoldServos.js, /home/julius/TAU-Hand-Control/devel/share/gennodejs/ros/openhand_node/srv/HoldServos.js)
Linked: (/home/julius/TAU-Hand-Control/devel/.private/openhand_node/share/roseus/ros/openhand_node/manifest.l, /home/julius/TAU-Hand-Control/devel/share/roseus/ros/openhand_node/manifest.l)
Linked: (/home/julius/TAU-Hand-Control/devel/.private/openhand_node/share/roseus/ros/openhand_node/srv/HoldServos.l, /home/julius/TAU-Hand-Control/devel/share/roseus/ros/openhand_node/srv/HoldServos.l)
Linked: (/home/julius/TAU-Hand-Control/devel/.private/openhand_node/share/roseus/ros/openhand_node/srv/ReadTemperature.l, /home/julius/TAU-Hand-Control/devel/share/roseus/ros/openhand_node/srv/ReadTemperature.l)
Linked: (/home/julius/TAU-Hand-Control/devel/.private/openhand_node/share/roseus/ros/openhand_node/srv/ReadLoad.l, /home/julius/TAU-Hand-Control/devel/share/roseus/ros/openhand_node/srv/ReadLoad.l)
Linked: (/home/julius/TAU-Hand-Control/devel/.private/openhand_node/share/roseus/ros/openhand_node/srv/ReadCurrent.l, /home/julius/TAU-Hand-Control/devel/share/roseus/ros/openhand_node/srv/ReadCurrent.l)
Linked: (/home/julius/TAU-Hand-Control/devel/.private/openhand_node/share/roseus/ros/openhand_node/srv/OperatingMode.l, /home/julius/TAU-Hand-Control/devel/share/roseus/ros/openhand_node/srv/OperatingMode.l)
Linked: (/home/julius/TAU-Hand-Control/devel/.private/openhand_node/share/roseus/ros/openhand_node/srv/ReadSensors.l, /home/julius/TAU-Hand-Control/devel/share/roseus/ros/openhand_node/srv/ReadSensors.l)
Linked: (/home/julius/TAU-Hand-Control/devel/.private/openhand_node/share/roseus/ros/openhand_node/srv/ReadServos.l, /home/julius/TAU-Hand-Control/devel/share/roseus/ros/openhand_node/srv/ReadServos.l)
Linked: (/home/julius/TAU-Hand-Control/devel/.private/openhand_node/share/roseus/ros/openhand_node/srv/TorqueServos.l, /home/julius/TAU-Hand-Control/devel/share/roseus/ros/openhand_node/srv/TorqueServos.l)
Linked: (/home/julius/TAU-Hand-Control/devel/.private/openhand_node/share/roseus/ros/openhand_node/srv/MoveServos.l, /home/julius/TAU-Hand-Control/devel/share/roseus/ros/openhand_node/srv/MoveServos.l)
